#
# A fatal error has been detected by the Java Runtime Environment:
#
#  EXCEPTION_ACCESS_VIOLATION (0xc0000005) at pc=0x00007fffb24a6b8e, pid=22832, tid=26592
#
# JRE version: Java(TM) SE Runtime Environment 18.9 (11.0.10+8) (build 11.0.10+8-LTS-162)
# Java VM: Java HotSpot(TM) 64-Bit Server VM 18.9 (11.0.10+8-LTS-162, mixed mode, tiered, compressed oops, g1 gc, windows-amd64)
# Problematic frame:
# C  [ig9icd64.dll+0x4d6b8e]
#
# No core dump will be written. Minidumps are not enabled by default on client versions of Windows
#
# If you would like to submit a bug report, please visit:
#   https://bugreport.java.com/bugreport/crash.jsp
# The crash happened outside the Java Virtual Machine in native code.
# See problematic frame for where to report the bug.
#

---------------  S U M M A R Y ------------

Command Line: -agentlib:jdwp=transport=dt_socket,address=127.0.0.1:63132,suspend=y,server=n -Dsun.java2d.uiScale.enabled=false -Xmx1024m -Dsun.java2d.noddraw=true -Dsun.awt.noerasebackground=true -javaagent:C:\Users\gknorman\AppData\Local\JetBrains\IdeaIC2020.3\captureAgent\debugger-agent.jar -Dfile.encoding=UTF-8 gov.nasa.cms.CelestialMappingSystem -Djava.util.logging.config.file=logging.properties -Dgov.nasa.worldwind.stereo.mode=none

Host: Intel(R) Core(TM) i5-8365U CPU @ 1.60GHz, 8 cores, 7G,  Windows 10 , 64 bit Build 17763 (10.0.17763.475)
Time: Wed Mar 24 16:36:05 2021 Pacific Daylight Time elapsed time: 129.359973 seconds (0d 0h 2m 9s)

---------------  T H R E A D  ---------------

Current thread (0x00000288613ef000):  JavaThread "AWT-EventQueue-0" [_thread_in_native, id=26592, stack(0x000000e202f00000,0x000000e203000000)]

Stack: [0x000000e202f00000,0x000000e203000000],  sp=0x000000e202ff9e68,  free space=999k
Native frames: (J=compiled Java code, j=interpreted, Vv=VM code, C=native code)
C  [ig9icd64.dll+0x4d6b8e]

Java frames: (J=compiled Java code, j=interpreted, Vv=VM code)
j  jogamp.opengl.gl4.GL4bcImpl.dispatch_glBegin1(IJ)V+0
j  jogamp.opengl.gl4.GL4bcImpl.glBegin(I)V+45
j  gov.nasa.worldwind.layers.ScalebarLayer.drawScale(Lgov/nasa/worldwind/render/DrawContext;DD)V+16
j  gov.nasa.worldwind.layers.ScalebarLayer.draw(Lgov/nasa/worldwind/render/DrawContext;Lgov/nasa/worldwind/layers/ScalebarLayer$OrderedImage;)V+606
j  gov.nasa.worldwind.layers.ScalebarLayer$OrderedImage.render(Lgov/nasa/worldwind/render/DrawContext;)V+6
j  gov.nasa.worldwind.AbstractSceneController.draw(Lgov/nasa/worldwind/render/DrawContext;)V+168
j  gov.nasa.worldwind.StereoOptionSceneController.draw(Lgov/nasa/worldwind/render/DrawContext;)V+66
j  gov.nasa.worldwind.BasicSceneController.doNormalRepaint(Lgov/nasa/worldwind/render/DrawContext;)V+37
j  gov.nasa.worldwind.BasicSceneController.doRepaint(Lgov/nasa/worldwind/render/DrawContext;)V+44
j  gov.nasa.worldwind.AbstractSceneController.repaint()I+49
j  gov.nasa.worldwind.WorldWindowGLAutoDrawable.doDisplay()I+4
j  gov.nasa.worldwind.WorldWindowGLAutoDrawable.display(Lcom/jogamp/opengl/GLAutoDrawable;)V+122
j  jogamp.opengl.GLDrawableHelper.displayImpl(Lcom/jogamp/opengl/GLAutoDrawable;)V+62
j  jogamp.opengl.GLDrawableHelper.display(Lcom/jogamp/opengl/GLAutoDrawable;)V+2
j  com.jogamp.opengl.awt.GLCanvas$11.run()V+118
j  jogamp.opengl.GLDrawableHelper.invokeGLImpl(Lcom/jogamp/opengl/GLDrawable;Lcom/jogamp/opengl/GLContext;Ljava/lang/Runnable;Ljava/lang/Runnable;)V+203
j  jogamp.opengl.GLDrawableHelper.invokeGL(Lcom/jogamp/opengl/GLDrawable;Lcom/jogamp/opengl/GLContext;Ljava/lang/Runnable;Ljava/lang/Runnable;)V+72
j  com.jogamp.opengl.awt.GLCanvas$12.run()V+104
j  com.jogamp.opengl.Threading.invoke(ZLjava/lang/Runnable;Ljava/lang/Object;)V+27
j  com.jogamp.opengl.awt.GLCanvas.display()V+64
j  com.jogamp.opengl.awt.GLCanvas.paint(Ljava/awt/Graphics;)V+137
j  com.jogamp.opengl.awt.GLCanvas.update(Ljava/awt/Graphics;)V+2
j  sun.awt.RepaintArea.updateComponent(Ljava/awt/Component;Ljava/awt/Graphics;)V+6 java.desktop@11.0.10
j  sun.awt.RepaintArea.paint(Ljava/lang/Object;Z)V+263 java.desktop@11.0.10
j  sun.awt.windows.WComponentPeer.handleEvent(Ljava/awt/AWTEvent;)V+155 java.desktop@11.0.10
j  java.awt.Component.dispatchEventImpl(Ljava/awt/AWTEvent;)V+733 java.desktop@11.0.10
J 4530 c1 java.awt.EventQueue.dispatchEventImpl(Ljava/awt/AWTEvent;Ljava/lang/Object;)V java.desktop@11.0.10 (136 bytes) @ 0x000002884b9db0cc [0x000002884b9dac20+0x00000000000004ac]
J 4529 c1 java.awt.EventQueue$4.run()Ljava/lang/Void; java.desktop@11.0.10 (60 bytes) @ 0x000002884b9da52c [0x000002884b9da400+0x000000000000012c]
J 4528 c1 java.awt.EventQueue$4.run()Ljava/lang/Object; java.desktop@11.0.10 (5 bytes) @ 0x000002884b9da0cc [0x000002884b9da040+0x000000000000008c]
v  ~StubRoutines::call_stub
J 3373  java.security.AccessController.doPrivileged(Ljava/security/PrivilegedAction;Ljava/security/AccessControlContext;)Ljava/lang/Object; java.base@11.0.10 (0 bytes) @ 0x00000288526569a6 [0x0000028852656940+0x0000000000000066]
J 4358 c1 java.security.ProtectionDomain$JavaSecurityAccessImpl.doIntersectionPrivilege(Ljava/security/PrivilegedAction;Ljava/security/AccessControlContext;Ljava/security/AccessControlContext;)Ljava/lang/Object; java.base@11.0.10 (22 bytes) @ 0x000002884b97dd3c [0x000002884b97da20+0x000000000000031c]
j  java.security.ProtectionDomain$JavaSecurityAccessImpl.doIntersectionPrivilege(Ljava/security/PrivilegedAction;Ljava/security/AccessControlContext;)Ljava/lang/Object;+6 java.base@11.0.10
j  java.awt.EventQueue$5.run()Ljava/lang/Void;+11 java.desktop@11.0.10
j  java.awt.EventQueue$5.run()Ljava/lang/Object;+1 java.desktop@11.0.10
v  ~StubRoutines::call_stub
J 3373  java.security.AccessController.doPrivileged(Ljava/security/PrivilegedAction;Ljava/security/AccessControlContext;)Ljava/lang/Object; java.base@11.0.10 (0 bytes) @ 0x00000288526569a6 [0x0000028852656940+0x0000000000000066]
J 4458 c1 java.awt.EventQueue.dispatchEvent(Ljava/awt/AWTEvent;)V java.desktop@11.0.10 (80 bytes) @ 0x000002884b9a9f94 [0x000002884b9a94a0+0x0000000000000af4]
J 4476 c1 java.awt.EventDispatchThread.pumpOneEventForFilters(I)V java.desktop@11.0.10 (113 bytes) @ 0x000002884b9b67f4 [0x000002884b9b60a0+0x0000000000000754]
j  java.awt.EventDispatchThread.pumpEventsForFilter(ILjava/awt/Conditional;Ljava/awt/EventFilter;)V+35 java.desktop@11.0.10
j  java.awt.EventDispatchThread.pumpEventsForHierarchy(ILjava/awt/Conditional;Ljava/awt/Component;)V+11 java.desktop@11.0.10
j  java.awt.EventDispatchThread.pumpEvents(ILjava/awt/Conditional;)V+4 java.desktop@11.0.10
j  java.awt.EventDispatchThread.pumpEvents(Ljava/awt/Conditional;)V+3 java.desktop@11.0.10
j  java.awt.EventDispatchThread.run()V+9 java.desktop@11.0.10
v  ~StubRoutines::call_stub

siginfo: EXCEPTION_ACCESS_VIOLATION (0xc0000005), reading address 0xffffffffffffffff


Register to memory mapping:

RIP=0x00007fffb24a6b8e ig9icd64.dll
RAX=0x000000000fff0fff is an unknown value
RBX=0x000000e202ffa380 is pointing into the stack for thread: 0x00000288613ef000
RCX=0x00008002f297bccc is an unknown value
RDX=0x000000e202ffa380 is pointing into the stack for thread: 0x00000288613ef000
RSP=0x000000e202ff9e68 is pointing into the stack for thread: 0x00000288613ef000
RBP=0x000000e202ff9f70 is pointing into the stack for thread: 0x00000288613ef000
RSI=0x000002886e394610 points into unknown readable memory: 00 00 00 00 00 00 00 00
RDI=0x00007fffb2c87d00 ig9icd64.dll
R8 =0x000000e202ff9fa0 is pointing into the stack for thread: 0x00000288613ef000
R9 =0x000000e202ffa380 is pointing into the stack for thread: 0x00000288613ef000
R10=0x000000e202ffa170 is pointing into the stack for thread: 0x00000288613ef000
R11=0x0 is NULL
R12=0x0000000000000100 is an unknown value
R13=0x0 is NULL
R14=0x0000000000000001 is an unknown value
R15=0x0 is NULL


Registers:
RAX=0x000000000fff0fff, RBX=0x000000e202ffa380, RCX=0x00008002f297bccc, RDX=0x000000e202ffa380
RSP=0x000000e202ff9e68, RBP=0x000000e202ff9f70, RSI=0x000002886e394610, RDI=0x00007fffb2c87d00
R8 =0x000000e202ff9fa0, R9 =0x000000e202ffa380, R10=0x000000e202ffa170, R11=0x0000000000000000
R12=0x0000000000000100, R13=0x0000000000000000, R14=0x0000000000000001, R15=0x0000000000000000
RIP=0x00007fffb24a6b8e, EFLAGS=0x0000000000010206

Top of Stack: (sp=0x000000e202ff9e68)
0x000000e202ff9e68:   00007fffb24a046e 000000e202ffa380
0x000000e202ff9e78:   000000e202ffa170 0000000000000000
0x000000e202ff9e88:   00000288609d8c40 0000000000000000
0x000000e202ff9e98:   000002886e4e72f0 000002886e54b950
0x000000e202ff9ea8:   00007ff800000000 000000e202ff9fd8
0x000000e202ff9eb8:   00007fffb212834a 00000288606e44c0
0x000000e202ff9ec8:   000000e202ffa060 000000e202ffa040
0x000000e202ff9ed8:   00007fffb21289ea 0000000000000000
0x000000e202ff9ee8:   000000e202ff9fe0 000000e202ff9fd8
0x000000e202ff9ef8:   0000000000000000 00009f7216cf6197
0x000000e202ff9f08:   0000000000000000 0000000000000000
0x000000e202ff9f18:   0000000000000200 0000000000000001
0x000000e202ff9f28:   0000000000000000 000002886e277100
0x000000e202ff9f38:   00007ff83f8cee3f 000000e202ffa060
0x000000e202ff9f48:   0000000002b404af 0000000000000000
0x000000e202ff9f58:   0000028840cf0000 000000e202ffa060 

Instructions: (pc=0x00007fffb24a6b8e)
0x00007fffb24a6b6e:   8b 41 08 41 89 40 44 8b 41 0c 41 89 40 48 8b 41
0x00007fffb24a6b7e:   10 41 89 40 4c 49 63 42 78 48 6b c8 34 48 03 cf
0x00007fffb24a6b8e:   8b 41 24 41 89 40 50 8b 41 28 41 89 40 54 8b 41
0x00007fffb24a6b9e:   2c 41 89 40 58 8b 41 30 41 89 40 5c 8b 41 14 41 


Stack slot to memory mapping:
stack at sp + 0 slots: 0x00007fffb24a046e ig9icd64.dll
stack at sp + 1 slots: 0x000000e202ffa380 is pointing into the stack for thread: 0x00000288613ef000
stack at sp + 2 slots: 0x000000e202ffa170 is pointing into the stack for thread: 0x00000288613ef000
stack at sp + 3 slots: 0x0 is NULL
stack at sp + 4 slots: 0x00000288609d8c40 points into unknown readable memory: e0 32 6f 60 88 02 00 00
stack at sp + 5 slots: 0x0 is NULL
stack at sp + 6 slots: 0x000002886e4e72f0 points into unknown readable memory: e0 32 6f 60 88 02 00 00
stack at sp + 7 slots: 0x000002886e54b950 points into unknown readable memory: 40 d2 54 6e 88 02 00 00


---------------  P R O C E S S  ---------------

Threads class SMR info:
_java_thread_list=0x000002886173ea20, length=29, elements={
0x000002885fda8800, 0x000002885fdb2800, 0x000002885fdbe000, 0x000002885fdbf000,
0x000002885fe08800, 0x000002885fe10000, 0x000002885fe12000, 0x000002885eee7000,
0x000002886010d800, 0x0000028860332000, 0x000002886099c800, 0x0000028860e9a800,
0x00000288613ed000, 0x00000288613f3800, 0x00000288613ef000, 0x00000288613f3000,
0x00000288613f1800, 0x00000288613ee000, 0x000002887162b800, 0x0000028871629000,
0x000002887162a000, 0x000002887162c000, 0x000002887164a000, 0x000002886db06000,
0x000002887162e000, 0x0000028871634800, 0x0000028871635000, 0x0000028871636000,
0x0000028871630800
}

Java Threads: ( => current thread )
  0x000002885fda8800 JavaThread "Reference Handler" daemon [_thread_blocked, id=25860, stack(0x000000e200100000,0x000000e200200000)]
  0x000002885fdb2800 JavaThread "Finalizer" daemon [_thread_blocked, id=17500, stack(0x000000e200200000,0x000000e200300000)]
  0x000002885fdbe000 JavaThread "Signal Dispatcher" daemon [_thread_blocked, id=11612, stack(0x000000e200300000,0x000000e200400000)]
  0x000002885fdbf000 JavaThread "Attach Listener" daemon [_thread_blocked, id=26904, stack(0x000000e200400000,0x000000e200500000)]
  0x000002885fe08800 JavaThread "C2 CompilerThread0" daemon [_thread_blocked, id=24912, stack(0x000000e200500000,0x000000e200600000)]
  0x000002885fe10000 JavaThread "C1 CompilerThread0" daemon [_thread_blocked, id=27304, stack(0x000000e200600000,0x000000e200700000)]
  0x000002885fe12000 JavaThread "Sweeper thread" daemon [_thread_blocked, id=10412, stack(0x000000e200700000,0x000000e200800000)]
  0x000002885eee7000 JavaThread "Common-Cleaner" daemon [_thread_blocked, id=19760, stack(0x000000e200800000,0x000000e200900000)]
  0x000002886010d800 JavaThread "JDWP Event Helper Thread" daemon [_thread_blocked, id=21804, stack(0x000000e200b00000,0x000000e200c00000)]
  0x0000028860332000 JavaThread "Service Thread" daemon [_thread_blocked, id=5592, stack(0x000000e200900000,0x000000e200a00000)]
  0x000002886099c800 JavaThread "Java2D Disposer" daemon [_thread_blocked, id=26764, stack(0x000000e201200000,0x000000e201300000)]
  0x0000028860e9a800 JavaThread "AWT-Windows" daemon [_thread_in_native, id=10432, stack(0x000000e201400000,0x000000e201500000)]
  0x00000288613ed000 JavaThread "TimerQueue" daemon [_thread_blocked, id=26352, stack(0x000000e202c00000,0x000000e202d00000)]
  0x00000288613f3800 JavaThread "AWT-Shutdown" [_thread_blocked, id=24260, stack(0x000000e202d00000,0x000000e202e00000)]
=>0x00000288613ef000 JavaThread "AWT-EventQueue-0" [_thread_in_native, id=26592, stack(0x000000e202f00000,0x000000e203000000)]
  0x00000288613f3000 JavaThread "Thread-13" [_thread_in_native, id=17080, stack(0x000000e201d00000,0x000000e201e00000)]
  0x00000288613f1800 JavaThread "DestroyJavaVM" [_thread_blocked, id=25524, stack(0x000000e27fa00000,0x000000e27fb00000)]
  0x00000288613ee000 JavaThread "Idle WorldWind Task " daemon [_thread_blocked, id=3872, stack(0x000000e201e00000,0x000000e201f00000)]
  0x000002887162b800 JavaThread "Idle WorldWind Task " daemon [_thread_blocked, id=27188, stack(0x000000e202000000,0x000000e202100000)]
  0x0000028871629000 JavaThread "Idle WorldWind Task " daemon [_thread_blocked, id=23572, stack(0x000000e202300000,0x000000e202400000)]
  0x000002887162a000 JavaThread "Idle WorldWind Task " daemon [_thread_blocked, id=17872, stack(0x000000e202400000,0x000000e202500000)]
  0x000002887162c000 JavaThread "Idle WorldWind Task " daemon [_thread_blocked, id=13148, stack(0x000000e202700000,0x000000e202800000)]
  0x000002887164a000 JavaThread "C2 CompilerThread1" daemon [_thread_blocked, id=13016, stack(0x000000e200a00000,0x000000e200b00000)]
  0x000002886db06000 JavaThread "C2 CompilerThread2" daemon [_thread_blocked, id=11160, stack(0x000000e200c00000,0x000000e200d00000)]
  0x000002887162e000 JavaThread "Thread-19" daemon [_thread_blocked, id=21864, stack(0x000000e201f00000,0x000000e202000000)]
  0x0000028871634800 JavaThread "Thread-20" daemon [_thread_blocked, id=24660, stack(0x000000e202800000,0x000000e202900000)]
  0x0000028871635000 JavaThread "Thread-21" daemon [_thread_blocked, id=26744, stack(0x000000e202900000,0x000000e202a00000)]
  0x0000028871636000 JavaThread "SIGINT handler" daemon [_thread_blocked, id=27536, stack(0x000000e203000000,0x000000e203100000)]
  0x0000028871630800 JavaThread "ToolkitShutdown" daemon [_thread_in_native, id=27380, stack(0x000000e203100000,0x000000e203200000)]

Other Threads:
  0x000002885fd75800 VMThread "VM Thread" [stack: 0x000000e200000000,0x000000e200100000] [id=26028]
  0x00000288602ab800 WatcherThread [stack: 0x000000e200d00000,0x000000e200e00000] [id=23976]
  0x0000028840e53800 GCTaskThread "GC Thread#0" [stack: 0x000000e27fb00000,0x000000e27fc00000] [id=10420]
  0x000002886053b800 GCTaskThread "GC Thread#1" [stack: 0x000000e200e00000,0x000000e200f00000] [id=3292]
  0x000002886053e000 GCTaskThread "GC Thread#2" [stack: 0x000000e200f00000,0x000000e201000000] [id=4224]
  0x000002886053c800 GCTaskThread "GC Thread#3" [stack: 0x000000e201300000,0x000000e201400000] [id=12332]
  0x000002886053e800 GCTaskThread "GC Thread#4" [stack: 0x000000e201500000,0x000000e201600000] [id=25848]
  0x0000028860540000 GCTaskThread "GC Thread#5" [stack: 0x000000e201600000,0x000000e201700000] [id=25396]
  0x0000028860539800 GCTaskThread "GC Thread#6" [stack: 0x000000e202100000,0x000000e202200000] [id=26216]
  0x0000028860540800 GCTaskThread "GC Thread#7" [stack: 0x000000e202200000,0x000000e202300000] [id=17184]
  0x0000028840e72800 ConcurrentGCThread "G1 Main Marker" [stack: 0x000000e27fc00000,0x000000e27fd00000] [id=22576]
  0x0000028840e74800 ConcurrentGCThread "G1 Conc#0" [stack: 0x000000e27fd00000,0x000000e27fe00000] [id=20440]
  0x000002886053d000 ConcurrentGCThread "G1 Conc#1" [stack: 0x000000e201700000,0x000000e201800000] [id=21012]
  0x000002885ed93000 ConcurrentGCThread "G1 Refine#0" [stack: 0x000000e27fe00000,0x000000e27ff00000] [id=6016]
  0x000002885ed96000 ConcurrentGCThread "G1 Young RemSet Sampling" [stack: 0x000000e27ff00000,0x000000e280000000] [id=19144]

Threads with active compile tasks:

VM state:not at safepoint (normal execution)

VM Mutex/Monitor currently owned by a thread: None

Heap address: 0x00000000c0000000, size: 1024 MB, Compressed Oops mode: 32-bit
Narrow klass base: 0x0000000000000000, Narrow klass shift: 3
Compressed class space size: 1073741824 Address: 0x0000000100000000

Heap:
 garbage-first heap   total 129024K, used 58315K [0x00000000c0000000, 0x0000000100000000)
  region size 1024K, 33 young (33792K), 2 survivors (2048K)
 Metaspace       used 45598K, capacity 47077K, committed 47228K, reserved 1091584K
  class space    used 4836K, capacity 5492K, committed 5580K, reserved 1048576K
Heap Regions: E=young(eden), S=young(survivor), O=old, HS=humongous(starts), HC=humongous(continues), CS=collection set, F=free, A=archive, TAMS=top-at-mark-start (previous, next)
|   0|0x00000000c0000000, 0x00000000c0100000, 0x00000000c0100000|100%| O|  |TAMS 0x00000000c0100000, 0x00000000c0000000| Untracked 
|   1|0x00000000c0100000, 0x00000000c0200000, 0x00000000c0200000|100%| O|  |TAMS 0x00000000c0200000, 0x00000000c0100000| Untracked 
|   2|0x00000000c0200000, 0x00000000c0300000, 0x00000000c0300000|100%| O|  |TAMS 0x00000000c02d0800, 0x00000000c0200000| Untracked 
|   3|0x00000000c0300000, 0x00000000c0400000, 0x00000000c0400000|100%|HS|  |TAMS 0x00000000c0300000, 0x00000000c0300000| Complete 
|   4|0x00000000c0400000, 0x00000000c0500000, 0x00000000c0500000|100%|HC|  |TAMS 0x00000000c0400000, 0x00000000c0400000| Complete 
|   5|0x00000000c0500000, 0x00000000c0600000, 0x00000000c0600000|100%|HC|  |TAMS 0x00000000c0500000, 0x00000000c0500000| Complete 
|   6|0x00000000c0600000, 0x00000000c0700000, 0x00000000c0700000|100%|HC|  |TAMS 0x00000000c0600000, 0x00000000c0600000| Complete 
|   7|0x00000000c0700000, 0x00000000c0800000, 0x00000000c0800000|100%| O|  |TAMS 0x00000000c0700000, 0x00000000c0700000| Untracked 
|   8|0x00000000c0800000, 0x00000000c0900000, 0x00000000c0900000|100%| O|  |TAMS 0x00000000c0800000, 0x00000000c0800000| Untracked 
|   9|0x00000000c0900000, 0x00000000c0a00000, 0x00000000c0a00000|100%| O|  |TAMS 0x00000000c0900000, 0x00000000c0900000| Untracked 
|  10|0x00000000c0a00000, 0x00000000c0b00000, 0x00000000c0b00000|100%| O|  |TAMS 0x00000000c0a00000, 0x00000000c0a00000| Untracked 
|  11|0x00000000c0b00000, 0x00000000c0c00000, 0x00000000c0c00000|100%| O|  |TAMS 0x00000000c0b00000, 0x00000000c0b00000| Untracked 
|  12|0x00000000c0c00000, 0x00000000c0d00000, 0x00000000c0d00000|100%| O|  |TAMS 0x00000000c0c00000, 0x00000000c0c00000| Untracked 
|  13|0x00000000c0d00000, 0x00000000c0e00000, 0x00000000c0e00000|100%| O|  |TAMS 0x00000000c0d00000, 0x00000000c0d00000| Untracked 
|  14|0x00000000c0e00000, 0x00000000c0f00000, 0x00000000c0f00000|100%| O|  |TAMS 0x00000000c0e00000, 0x00000000c0e00000| Untracked 
|  15|0x00000000c0f00000, 0x00000000c1000000, 0x00000000c1000000|100%| O|  |TAMS 0x00000000c0f00000, 0x00000000c0f00000| Untracked 
|  16|0x00000000c1000000, 0x00000000c1100000, 0x00000000c1100000|100%| O|  |TAMS 0x00000000c1000000, 0x00000000c1000000| Untracked 
|  17|0x00000000c1100000, 0x00000000c1200000, 0x00000000c1200000|100%| O|  |TAMS 0x00000000c1100000, 0x00000000c1100000| Untracked 
|  18|0x00000000c1200000, 0x00000000c1300000, 0x00000000c1300000|100%| O|  |TAMS 0x00000000c1200000, 0x00000000c1200000| Untracked 
|  19|0x00000000c1300000, 0x00000000c1400000, 0x00000000c1400000|100%| O|  |TAMS 0x00000000c1300000, 0x00000000c1300000| Untracked 
|  20|0x00000000c1400000, 0x00000000c1500000, 0x00000000c1500000|100%| O|  |TAMS 0x00000000c1400000, 0x00000000c1400000| Untracked 
|  21|0x00000000c1500000, 0x00000000c1600000, 0x00000000c1600000|100%| O|  |TAMS 0x00000000c1500000, 0x00000000c1500000| Untracked 
|  22|0x00000000c1600000, 0x00000000c1700000, 0x00000000c1700000|100%| O|  |TAMS 0x00000000c1600000, 0x00000000c1600000| Untracked 
|  23|0x00000000c1700000, 0x00000000c1800000, 0x00000000c1800000|100%| O|  |TAMS 0x00000000c1700000, 0x00000000c1700000| Untracked 
|  24|0x00000000c1800000, 0x00000000c1900000, 0x00000000c1900000|100%| O|  |TAMS 0x00000000c1800000, 0x00000000c1800000| Untracked 
|  25|0x00000000c1900000, 0x00000000c1930200, 0x00000000c1a00000| 18%| O|  |TAMS 0x00000000c1900000, 0x00000000c1900000| Untracked 
|  26|0x00000000c1a00000, 0x00000000c1a00000, 0x00000000c1b00000|  0%| F|  |TAMS 0x00000000c1a00000, 0x00000000c1a00000| Untracked 
|  27|0x00000000c1b00000, 0x00000000c1b00000, 0x00000000c1c00000|  0%| F|  |TAMS 0x00000000c1b00000, 0x00000000c1b00000| Untracked 
|  28|0x00000000c1c00000, 0x00000000c1c00000, 0x00000000c1d00000|  0%| F|  |TAMS 0x00000000c1c00000, 0x00000000c1c00000| Untracked 
|  29|0x00000000c1d00000, 0x00000000c1d00000, 0x00000000c1e00000|  0%| F|  |TAMS 0x00000000c1d00000, 0x00000000c1d00000| Untracked 
|  30|0x00000000c1e00000, 0x00000000c1e00000, 0x00000000c1f00000|  0%| F|  |TAMS 0x00000000c1e00000, 0x00000000c1e00000| Untracked 
|  31|0x00000000c1f00000, 0x00000000c1f00000, 0x00000000c2000000|  0%| F|  |TAMS 0x00000000c1f00000, 0x00000000c1f00000| Untracked 
|  32|0x00000000c2000000, 0x00000000c2000000, 0x00000000c2100000|  0%| F|  |TAMS 0x00000000c2000000, 0x00000000c2000000| Untracked 
|  33|0x00000000c2100000, 0x00000000c2100000, 0x00000000c2200000|  0%| F|  |TAMS 0x00000000c2100000, 0x00000000c2100000| Untracked 
|  34|0x00000000c2200000, 0x00000000c2200000, 0x00000000c2300000|  0%| F|  |TAMS 0x00000000c2200000, 0x00000000c2200000| Untracked 
|  35|0x00000000c2300000, 0x00000000c2300000, 0x00000000c2400000|  0%| F|  |TAMS 0x00000000c2300000, 0x00000000c2300000| Untracked 
|  36|0x00000000c2400000, 0x00000000c2400000, 0x00000000c2500000|  0%| F|  |TAMS 0x00000000c2400000, 0x00000000c2400000| Untracked 
|  37|0x00000000c2500000, 0x00000000c2500000, 0x00000000c2600000|  0%| F|  |TAMS 0x00000000c2500000, 0x00000000c2500000| Untracked 
|  38|0x00000000c2600000, 0x00000000c2600000, 0x00000000c2700000|  0%| F|  |TAMS 0x00000000c2600000, 0x00000000c2600000| Untracked 
|  39|0x00000000c2700000, 0x00000000c2700000, 0x00000000c2800000|  0%| F|  |TAMS 0x00000000c2700000, 0x00000000c2700000| Untracked 
|  40|0x00000000c2800000, 0x00000000c2800000, 0x00000000c2900000|  0%| F|  |TAMS 0x00000000c2800000, 0x00000000c2800000| Untracked 
|  41|0x00000000c2900000, 0x00000000c2900000, 0x00000000c2a00000|  0%| F|  |TAMS 0x00000000c2900000, 0x00000000c2900000| Untracked 
|  42|0x00000000c2a00000, 0x00000000c2a00000, 0x00000000c2b00000|  0%| F|  |TAMS 0x00000000c2a00000, 0x00000000c2a00000| Untracked 
|  43|0x00000000c2b00000, 0x00000000c2b00000, 0x00000000c2c00000|  0%| F|  |TAMS 0x00000000c2b00000, 0x00000000c2b00000| Untracked 
|  44|0x00000000c2c00000, 0x00000000c2c00000, 0x00000000c2d00000|  0%| F|  |TAMS 0x00000000c2c00000, 0x00000000c2c00000| Untracked 
|  45|0x00000000c2d00000, 0x00000000c2d00000, 0x00000000c2e00000|  0%| F|  |TAMS 0x00000000c2d00000, 0x00000000c2d00000| Untracked 
|  46|0x00000000c2e00000, 0x00000000c2e00000, 0x00000000c2f00000|  0%| F|  |TAMS 0x00000000c2e00000, 0x00000000c2e00000| Untracked 
|  47|0x00000000c2f00000, 0x00000000c2f00000, 0x00000000c3000000|  0%| F|  |TAMS 0x00000000c2f00000, 0x00000000c2f00000| Untracked 
|  48|0x00000000c3000000, 0x00000000c3000000, 0x00000000c3100000|  0%| F|  |TAMS 0x00000000c3000000, 0x00000000c3000000| Untracked 
|  49|0x00000000c3100000, 0x00000000c3100000, 0x00000000c3200000|  0%| F|  |TAMS 0x00000000c3100000, 0x00000000c3100000| Untracked 
|  50|0x00000000c3200000, 0x00000000c3200000, 0x00000000c3300000|  0%| F|  |TAMS 0x00000000c3200000, 0x00000000c3200000| Untracked 
|  51|0x00000000c3300000, 0x00000000c3300000, 0x00000000c3400000|  0%| F|  |TAMS 0x00000000c3300000, 0x00000000c3300000| Untracked 
|  52|0x00000000c3400000, 0x00000000c3400000, 0x00000000c3500000|  0%| F|  |TAMS 0x00000000c3400000, 0x00000000c3400000| Untracked 
|  53|0x00000000c3500000, 0x00000000c3500000, 0x00000000c3600000|  0%| F|  |TAMS 0x00000000c3500000, 0x00000000c3500000| Untracked 
|  54|0x00000000c3600000, 0x00000000c3600000, 0x00000000c3700000|  0%| F|  |TAMS 0x00000000c3600000, 0x00000000c3600000| Untracked 
|  55|0x00000000c3700000, 0x00000000c3700000, 0x00000000c3800000|  0%| F|  |TAMS 0x00000000c3700000, 0x00000000c3700000| Untracked 
|  56|0x00000000c3800000, 0x00000000c3800000, 0x00000000c3900000|  0%| F|  |TAMS 0x00000000c3800000, 0x00000000c3800000| Untracked 
|  57|0x00000000c3900000, 0x00000000c3900000, 0x00000000c3a00000|  0%| F|  |TAMS 0x00000000c3900000, 0x00000000c3900000| Untracked 
|  58|0x00000000c3a00000, 0x00000000c3a00000, 0x00000000c3b00000|  0%| F|  |TAMS 0x00000000c3a00000, 0x00000000c3a00000| Untracked 
|  59|0x00000000c3b00000, 0x00000000c3b00000, 0x00000000c3c00000|  0%| F|  |TAMS 0x00000000c3b00000, 0x00000000c3b00000| Untracked 
|  60|0x00000000c3c00000, 0x00000000c3c00000, 0x00000000c3d00000|  0%| F|  |TAMS 0x00000000c3c00000, 0x00000000c3c00000| Untracked 
|  61|0x00000000c3d00000, 0x00000000c3dc2ba8, 0x00000000c3e00000| 76%| S|CS|TAMS 0x00000000c3d00000, 0x00000000c3d00000| Complete 
|  62|0x00000000c3e00000, 0x00000000c3f00000, 0x00000000c3f00000|100%| S|CS|TAMS 0x00000000c3e00000, 0x00000000c3e00000| Complete 
|  63|0x00000000c3f00000, 0x00000000c3f00000, 0x00000000c4000000|  0%| F|  |TAMS 0x00000000c3f00000, 0x00000000c3f00000| Untracked 
|  64|0x00000000c4000000, 0x00000000c4000000, 0x00000000c4100000|  0%| F|  |TAMS 0x00000000c4000000, 0x00000000c4000000| Untracked 
|  65|0x00000000c4100000, 0x00000000c4100000, 0x00000000c4200000|  0%| F|  |TAMS 0x00000000c4100000, 0x00000000c4100000| Untracked 
|  66|0x00000000c4200000, 0x00000000c4200000, 0x00000000c4300000|  0%| F|  |TAMS 0x00000000c4200000, 0x00000000c4200000| Untracked 
|  67|0x00000000c4300000, 0x00000000c4300000, 0x00000000c4400000|  0%| F|  |TAMS 0x00000000c4300000, 0x00000000c4300000| Untracked 
|  68|0x00000000c4400000, 0x00000000c4400000, 0x00000000c4500000|  0%| F|  |TAMS 0x00000000c4400000, 0x00000000c4400000| Untracked 
|  69|0x00000000c4500000, 0x00000000c4500000, 0x00000000c4600000|  0%| F|  |TAMS 0x00000000c4500000, 0x00000000c4500000| Untracked 
|  70|0x00000000c4600000, 0x00000000c4600000, 0x00000000c4700000|  0%| F|  |TAMS 0x00000000c4600000, 0x00000000c4600000| Untracked 
|  71|0x00000000c4700000, 0x00000000c4700000, 0x00000000c4800000|  0%| F|  |TAMS 0x00000000c4700000, 0x00000000c4700000| Untracked 
|  72|0x00000000c4800000, 0x00000000c4800000, 0x00000000c4900000|  0%| F|  |TAMS 0x00000000c4800000, 0x00000000c4800000| Untracked 
|  73|0x00000000c4900000, 0x00000000c4900000, 0x00000000c4a00000|  0%| F|  |TAMS 0x00000000c4900000, 0x00000000c4900000| Untracked 
|  74|0x00000000c4a00000, 0x00000000c4a00000, 0x00000000c4b00000|  0%| F|  |TAMS 0x00000000c4a00000, 0x00000000c4a00000| Untracked 
|  75|0x00000000c4b00000, 0x00000000c4b00000, 0x00000000c4c00000|  0%| F|  |TAMS 0x00000000c4b00000, 0x00000000c4b00000| Untracked 
|  76|0x00000000c4c00000, 0x00000000c4c00000, 0x00000000c4d00000|  0%| F|  |TAMS 0x00000000c4c00000, 0x00000000c4c00000| Untracked 
|  77|0x00000000c4d00000, 0x00000000c4d00000, 0x00000000c4e00000|  0%| F|  |TAMS 0x00000000c4d00000, 0x00000000c4d00000| Untracked 
|  78|0x00000000c4e00000, 0x00000000c4e00000, 0x00000000c4f00000|  0%| F|  |TAMS 0x00000000c4e00000, 0x00000000c4e00000| Untracked 
|  79|0x00000000c4f00000, 0x00000000c4f00000, 0x00000000c5000000|  0%| F|  |TAMS 0x00000000c4f00000, 0x00000000c4f00000| Untracked 
|  80|0x00000000c5000000, 0x00000000c5000000, 0x00000000c5100000|  0%| F|  |TAMS 0x00000000c5000000, 0x00000000c5000000| Untracked 
|  81|0x00000000c5100000, 0x00000000c5100000, 0x00000000c5200000|  0%| F|  |TAMS 0x00000000c5100000, 0x00000000c5100000| Untracked 
|  82|0x00000000c5200000, 0x00000000c5200000, 0x00000000c5300000|  0%| F|  |TAMS 0x00000000c5200000, 0x00000000c5200000| Untracked 
|  83|0x00000000c5300000, 0x00000000c5300000, 0x00000000c5400000|  0%| F|  |TAMS 0x00000000c5300000, 0x00000000c5300000| Untracked 
|  84|0x00000000c5400000, 0x00000000c5400000, 0x00000000c5500000|  0%| F|  |TAMS 0x00000000c5400000, 0x00000000c5400000| Untracked 
|  85|0x00000000c5500000, 0x00000000c5500000, 0x00000000c5600000|  0%| F|  |TAMS 0x00000000c5500000, 0x00000000c5500000| Untracked 
|  86|0x00000000c5600000, 0x00000000c5600000, 0x00000000c5700000|  0%| F|  |TAMS 0x00000000c5600000, 0x00000000c5600000| Untracked 
|  87|0x00000000c5700000, 0x00000000c5700000, 0x00000000c5800000|  0%| F|  |TAMS 0x00000000c5700000, 0x00000000c5700000| Untracked 
|  88|0x00000000c5800000, 0x00000000c5800000, 0x00000000c5900000|  0%| F|  |TAMS 0x00000000c5800000, 0x00000000c5800000| Untracked 
|  89|0x00000000c5900000, 0x00000000c5900000, 0x00000000c5a00000|  0%| F|  |TAMS 0x00000000c5900000, 0x00000000c5900000| Untracked 
|  90|0x00000000c5a00000, 0x00000000c5a00000, 0x00000000c5b00000|  0%| F|  |TAMS 0x00000000c5a00000, 0x00000000c5a00000| Untracked 
|  91|0x00000000c5b00000, 0x00000000c5b00000, 0x00000000c5c00000|  0%| F|  |TAMS 0x00000000c5b00000, 0x00000000c5b00000| Untracked 
|  92|0x00000000c5c00000, 0x00000000c5c00000, 0x00000000c5d00000|  0%| F|  |TAMS 0x00000000c5c00000, 0x00000000c5c00000| Untracked 
|  93|0x00000000c5d00000, 0x00000000c5d00000, 0x00000000c5e00000|  0%| F|  |TAMS 0x00000000c5d00000, 0x00000000c5d00000| Untracked 
|  94|0x00000000c5e00000, 0x00000000c5e00000, 0x00000000c5f00000|  0%| F|  |TAMS 0x00000000c5e00000, 0x00000000c5e00000| Untracked 
|  95|0x00000000c5f00000, 0x00000000c5f80800, 0x00000000c6000000| 50%| E|  |TAMS 0x00000000c5f00000, 0x00000000c5f00000| Complete 
|  96|0x00000000c6000000, 0x00000000c6100000, 0x00000000c6100000|100%| E|CS|TAMS 0x00000000c6000000, 0x00000000c6000000| Complete 
|  97|0x00000000c6100000, 0x00000000c6200000, 0x00000000c6200000|100%| E|CS|TAMS 0x00000000c6100000, 0x00000000c6100000| Complete 
|  98|0x00000000c6200000, 0x00000000c6300000, 0x00000000c6300000|100%| E|CS|TAMS 0x00000000c6200000, 0x00000000c6200000| Complete 
|  99|0x00000000c6300000, 0x00000000c6400000, 0x00000000c6400000|100%| E|CS|TAMS 0x00000000c6300000, 0x00000000c6300000| Complete 
| 100|0x00000000c6400000, 0x00000000c6500000, 0x00000000c6500000|100%| E|CS|TAMS 0x00000000c6400000, 0x00000000c6400000| Complete 
| 101|0x00000000c6500000, 0x00000000c6600000, 0x00000000c6600000|100%| E|CS|TAMS 0x00000000c6500000, 0x00000000c6500000| Complete 
| 102|0x00000000c6600000, 0x00000000c6700000, 0x00000000c6700000|100%| E|CS|TAMS 0x00000000c6600000, 0x00000000c6600000| Complete 
| 103|0x00000000c6700000, 0x00000000c6800000, 0x00000000c6800000|100%| E|CS|TAMS 0x00000000c6700000, 0x00000000c6700000| Complete 
| 104|0x00000000c6800000, 0x00000000c6900000, 0x00000000c6900000|100%| E|CS|TAMS 0x00000000c6800000, 0x00000000c6800000| Complete 
| 105|0x00000000c6900000, 0x00000000c6a00000, 0x00000000c6a00000|100%| E|CS|TAMS 0x00000000c6900000, 0x00000000c6900000| Complete 
| 106|0x00000000c6a00000, 0x00000000c6b00000, 0x00000000c6b00000|100%| E|CS|TAMS 0x00000000c6a00000, 0x00000000c6a00000| Complete 
| 107|0x00000000c6b00000, 0x00000000c6c00000, 0x00000000c6c00000|100%| E|CS|TAMS 0x00000000c6b00000, 0x00000000c6b00000| Complete 
| 108|0x00000000c6c00000, 0x00000000c6d00000, 0x00000000c6d00000|100%| E|CS|TAMS 0x00000000c6c00000, 0x00000000c6c00000| Complete 
| 109|0x00000000c6d00000, 0x00000000c6e00000, 0x00000000c6e00000|100%| E|CS|TAMS 0x00000000c6d00000, 0x00000000c6d00000| Complete 
| 110|0x00000000c6e00000, 0x00000000c6f00000, 0x00000000c6f00000|100%| E|CS|TAMS 0x00000000c6e00000, 0x00000000c6e00000| Complete 
| 111|0x00000000c6f00000, 0x00000000c7000000, 0x00000000c7000000|100%| E|CS|TAMS 0x00000000c6f00000, 0x00000000c6f00000| Complete 
| 112|0x00000000c7000000, 0x00000000c7100000, 0x00000000c7100000|100%| E|CS|TAMS 0x00000000c7000000, 0x00000000c7000000| Complete 
| 113|0x00000000c7100000, 0x00000000c7200000, 0x00000000c7200000|100%| E|CS|TAMS 0x00000000c7100000, 0x00000000c7100000| Complete 
| 114|0x00000000c7200000, 0x00000000c7300000, 0x00000000c7300000|100%| E|CS|TAMS 0x00000000c7200000, 0x00000000c7200000| Complete 
| 115|0x00000000c7300000, 0x00000000c7400000, 0x00000000c7400000|100%| E|CS|TAMS 0x00000000c7300000, 0x00000000c7300000| Complete 
| 116|0x00000000c7400000, 0x00000000c7500000, 0x00000000c7500000|100%| E|CS|TAMS 0x00000000c7400000, 0x00000000c7400000| Complete 
| 117|0x00000000c7500000, 0x00000000c7600000, 0x00000000c7600000|100%| E|CS|TAMS 0x00000000c7500000, 0x00000000c7500000| Complete 
| 118|0x00000000c7600000, 0x00000000c7700000, 0x00000000c7700000|100%| E|CS|TAMS 0x00000000c7600000, 0x00000000c7600000| Complete 
| 119|0x00000000c7700000, 0x00000000c7800000, 0x00000000c7800000|100%| E|CS|TAMS 0x00000000c7700000, 0x00000000c7700000| Complete 
| 120|0x00000000c7800000, 0x00000000c7900000, 0x00000000c7900000|100%| E|CS|TAMS 0x00000000c7800000, 0x00000000c7800000| Complete 
| 121|0x00000000c7900000, 0x00000000c7a00000, 0x00000000c7a00000|100%| E|CS|TAMS 0x00000000c7900000, 0x00000000c7900000| Complete 
| 122|0x00000000c7a00000, 0x00000000c7b00000, 0x00000000c7b00000|100%| E|CS|TAMS 0x00000000c7a00000, 0x00000000c7a00000| Complete 
| 123|0x00000000c7b00000, 0x00000000c7c00000, 0x00000000c7c00000|100%| E|CS|TAMS 0x00000000c7b00000, 0x00000000c7b00000| Complete 
| 124|0x00000000c7c00000, 0x00000000c7d00000, 0x00000000c7d00000|100%| E|CS|TAMS 0x00000000c7c00000, 0x00000000c7c00000| Complete 
| 125|0x00000000c7d00000, 0x00000000c7e00000, 0x00000000c7e00000|100%| E|CS|TAMS 0x00000000c7d00000, 0x00000000c7d00000| Complete 

Card table byte_map: [0x000002885a690000,0x000002885a890000] _byte_map_base: 0x000002885a090000

Marking Bits (Prev, Next): (CMBitMap*) 0x0000028840e6db08, (CMBitMap*) 0x0000028840e6db40
 Prev Bits: [0x000002885aa90000, 0x000002885ba90000)
 Next Bits: [0x000002885ba90000, 0x000002885ca90000)

Polling page: 0x0000028840e80000

Metaspace:

Usage:
  Non-class:     40.61 MB capacity,    39.81 MB ( 98%) used,   644.16 KB (  2%) free+waste,   178.75 KB ( <1%) overhead. 
      Class:      5.36 MB capacity,     4.72 MB ( 88%) used,   569.60 KB ( 10%) free+waste,    86.13 KB (  2%) overhead. 
       Both:     45.97 MB capacity,    44.53 MB ( 97%) used,     1.19 MB (  3%) free+waste,   264.88 KB ( <1%) overhead. 

Virtual space:
  Non-class space:       42.00 MB reserved,      40.67 MB ( 97%) committed 
      Class space:        1.00 GB reserved,       5.45 MB ( <1%) committed 
             Both:        1.04 GB reserved,      46.12 MB (  4%) committed 

Chunk freelists:
   Non-Class:  7.88 KB
       Class:  0 bytes
        Both:  7.88 KB

CodeHeap 'non-profiled nmethods': size=120000Kb used=2798Kb max_used=2798Kb free=117202Kb
 bounds [0x00000288524e0000, 0x00000288527a0000, 0x0000028859a10000]
CodeHeap 'profiled nmethods': size=120000Kb used=11698Kb max_used=11698Kb free=108301Kb
 bounds [0x000002884afb0000, 0x000002884bb20000, 0x00000288524e0000]
CodeHeap 'non-nmethods': size=5760Kb used=1770Kb max_used=1839Kb free=3990Kb
 bounds [0x000002884aa10000, 0x000002884ac80000, 0x000002884afb0000]
 total_blobs=6353 nmethods=5051 adapters=1221
 compilation: enabled
              stopped_count=0, restarted_count=0
 full_count=0

Compilation events (10 events):
Event: 129.311 Thread 0x000002885fe10000 nmethod 5084 0x000002884bb1bd90 code [0x000002884bb1bf80, 0x000002884bb1c468]
Event: 129.312 Thread 0x000002885fe10000 5083       1       gov.nasa.cms.CelestialMapper::getUnits (5 bytes)
Event: 129.312 Thread 0x000002887164a000 5086       4       com.jogamp.opengl.util.awt.TextureRenderer::getTexture (54 bytes)
Event: 129.312 Thread 0x000002885fe10000 nmethod 5083 0x0000028852791b10 code [0x0000028852791ca0, 0x0000028852791d58]
Event: 129.312 Thread 0x000002886db06000 5087       4       java.lang.Character::hashCode (8 bytes)
Event: 129.313 Thread 0x000002886db06000 nmethod 5087 0x0000028852791e10 code [0x0000028852791fa0, 0x0000028852791ff8]
Event: 129.313 Thread 0x000002886db06000 5088       4       gov.nasa.worldwind.render.TextRenderer$GlyphProducer::getGlyph (92 bytes)
Event: 129.315 Thread 0x000002885fe10000 5089       3       gov.nasa.worldwind.render.TextRenderer::draw3D (12 bytes)
Event: 129.315 Thread 0x000002885fe10000 nmethod 5089 0x000002884bb1c690 code [0x000002884bb1c840, 0x000002884bb1c9c8]
Event: 129.338 Thread 0x000002886db06000 nmethod 5088 0x0000028852792090 code [0x0000028852792280, 0x0000028852792970]

GC Heap History (10 events):
Event: 6.687 GC heap before
{Heap before GC invocations=5 (full 0):
 garbage-first heap   total 129024K, used 79682K [0x00000000c0000000, 0x0000000100000000)
  region size 1024K, 75 young (76800K), 4 survivors (4096K)
 Metaspace       used 27671K, capacity 28184K, committed 28412K, reserved 1075200K
  class space    used 2619K, capacity 2862K, committed 2892K, reserved 1048576K
}
Event: 6.695 GC heap after
{Heap after GC invocations=6 (full 0):
 garbage-first heap   total 129024K, used 7395K [0x00000000c0000000, 0x0000000100000000)
  region size 1024K, 5 young (5120K), 5 survivors (5120K)
 Metaspace       used 27671K, capacity 28184K, committed 28412K, reserved 1075200K
  class space    used 2619K, capacity 2862K, committed 2892K, reserved 1048576K
}
Event: 6.847 GC heap before
{Heap before GC invocations=6 (full 0):
 garbage-first heap   total 129024K, used 79075K [0x00000000c0000000, 0x0000000100000000)
  region size 1024K, 75 young (76800K), 5 survivors (5120K)
 Metaspace       used 27962K, capacity 28500K, committed 28796K, reserved 1075200K
  class space    used 2642K, capacity 2898K, committed 3020K, reserved 1048576K
}
Event: 6.854 GC heap after
{Heap after GC invocations=7 (full 0):
 garbage-first heap   total 129024K, used 7707K [0x00000000c0000000, 0x0000000100000000)
  region size 1024K, 5 young (5120K), 5 survivors (5120K)
 Metaspace       used 27962K, capacity 28500K, committed 28796K, reserved 1075200K
  class space    used 2642K, capacity 2898K, committed 3020K, reserved 1048576K
}
Event: 7.815 GC heap before
{Heap before GC invocations=7 (full 0):
 garbage-first heap   total 129024K, used 51739K [0x00000000c0000000, 0x0000000100000000)
  region size 1024K, 49 young (50176K), 5 survivors (5120K)
 Metaspace       used 35241K, capacity 35858K, committed 35964K, reserved 1081344K
  class space    used 3453K, capacity 3699K, committed 3788K, reserved 1048576K
}
Event: 7.837 GC heap after
{Heap after GC invocations=8 (full 0):
 garbage-first heap   total 129024K, used 10158K [0x00000000c0000000, 0x0000000100000000)
  region size 1024K, 8 young (8192K), 8 survivors (8192K)
 Metaspace       used 35241K, capacity 35858K, committed 35964K, reserved 1081344K
  class space    used 3453K, capacity 3699K, committed 3788K, reserved 1048576K
}
Event: 12.353 GC heap before
{Heap before GC invocations=9 (full 0):
 garbage-first heap   total 129024K, used 82862K [0x00000000c0000000, 0x0000000100000000)
  region size 1024K, 75 young (76800K), 8 survivors (8192K)
 Metaspace       used 43318K, capacity 44112K, committed 44412K, reserved 1089536K
  class space    used 4409K, capacity 4739K, committed 4812K, reserved 1048576K
}
Event: 12.370 GC heap after
{Heap after GC invocations=10 (full 0):
 garbage-first heap   total 129024K, used 26995K [0x00000000c0000000, 0x0000000100000000)
  region size 1024K, 10 young (10240K), 10 survivors (10240K)
 Metaspace       used 43318K, capacity 44112K, committed 44412K, reserved 1089536K
  class space    used 4409K, capacity 4739K, committed 4812K, reserved 1048576K
}
Event: 16.753 GC heap before
{Heap before GC invocations=10 (full 0):
 garbage-first heap   total 129024K, used 91507K [0x00000000c0000000, 0x0000000100000000)
  region size 1024K, 73 young (74752K), 10 survivors (10240K)
 Metaspace       used 43741K, capacity 44528K, committed 44668K, reserved 1089536K
  class space    used 4442K, capacity 4771K, committed 4812K, reserved 1048576K
}
Event: 16.762 GC heap after
{Heap after GC invocations=11 (full 0):
 garbage-first heap   total 129024K, used 27595K [0x00000000c0000000, 0x0000000100000000)
  region size 1024K, 2 young (2048K), 2 survivors (2048K)
 Metaspace       used 43741K, capacity 44528K, committed 44668K, reserved 1089536K
  class space    used 4442K, capacity 4771K, committed 4812K, reserved 1048576K
}

Deoptimization events (10 events):
Event: 11.672 Thread 0x00000288613ef000 Uncommon trap: reason=unstable_if action=reinterpret pc=0x00000288526c6744 method=sun.awt.image.ByteInterleavedRaster.getDataElements(IILjava/lang/Object;)Ljava/lang/Object; @ 43 c2
Event: 12.027 Thread 0x00000288613ef000 Uncommon trap: reason=class_check action=maybe_recompile pc=0x00000288524e9edc method=java.lang.String.equals(Ljava/lang/Object;)Z @ 8 c2
Event: 14.072 Thread 0x00000288613ef000 Uncommon trap: reason=class_check action=maybe_recompile pc=0x00000288524e9edc method=java.lang.String.equals(Ljava/lang/Object;)Z @ 8 c2
Event: 14.073 Thread 0x00000288613ef000 Uncommon trap: reason=class_check action=maybe_recompile pc=0x00000288524e9edc method=java.lang.String.equals(Ljava/lang/Object;)Z @ 8 c2
Event: 14.441 Thread 0x00000288613ef000 Uncommon trap: reason=class_check action=maybe_recompile pc=0x00000288524e9edc method=java.lang.String.equals(Ljava/lang/Object;)Z @ 8 c2
Event: 15.850 Thread 0x00000288613f3000 Uncommon trap: reason=unstable_if action=reinterpret pc=0x000002885271f86c method=gov.nasa.worldwind.util.FileTree.expand(Ljava/io/File;Ljava/io/FileFilter;ILjava/util/Queue;Ljava/util/Queue;)V @ 104 c2
Event: 17.615 Thread 0x00000288613ef000 Uncommon trap: reason=unstable_if action=reinterpret pc=0x00000288526a4b64 method=java.lang.invoke.InvokerBytecodeGenerator.loadInsnOpcode(Ljava/lang/invoke/LambdaForm$BasicType;)I @ 8 c2
Event: 128.980 Thread 0x00000288613ef000 Uncommon trap: reason=unstable_if action=reinterpret pc=0x00000288526dbec0 method=gov.nasa.worldwind.geom.Sector.containsDegrees(DD)Z @ 45 c2
Event: 128.980 Thread 0x00000288613ef000 Uncommon trap: reason=unstable_if action=reinterpret pc=0x00000288526db824 method=gov.nasa.worldwind.geom.Sector.containsDegrees(DD)Z @ 33 c2
Event: 129.042 Thread 0x00000288613ef000 Uncommon trap: reason=unstable_if action=reinterpret pc=0x000002885271a72c method=gov.nasa.worldwind.util.WWUtil.isEmpty(Ljava/lang/Object;)Z @ 1 c2

Classes redefined (0 events):
No events

Internal exceptions (10 events):
Event: 18.150 Thread 0x00000288613ef000 Exception <a 'java/lang/NoSuchMethodError'{0x00000000c6e57700}: java.lang.invoke.DelegatingMethodHandle$Holder.reinvoke_L(Ljava/lang/Object;IIILjava/lang/Object;II)Ljava/lang/Object;> (0x00000000c6e57700) thrown at [./open/src/hotspot/share/interpreter/li
Event: 18.151 Thread 0x00000288613ef000 Exception <a 'java/lang/NoSuchMethodError'{0x00000000c6e68000}: java.lang.invoke.Invokers$Holder.linkToTargetMethod(Ljava/lang/Object;IILjava/lang/Object;)Ljava/lang/Object;> (0x00000000c6e68000) thrown at [./open/src/hotspot/share/interpreter/linkResolve
Event: 18.162 Thread 0x00000288613ef000 Exception <a 'java/lang/NoSuchMethodError'{0x00000000c6ede0e8}: java.lang.invoke.DirectMethodHandle$Holder.invokeSpecial(Ljava/lang/Object;Ljava/lang/Object;IIILjava/lang/Object;Ljava/lang/Object;Ljava/lang/Object;Ljava/lang/Object;I)Ljava/lang/Object;> (
Event: 18.162 Thread 0x00000288613ef000 Exception <a 'java/lang/NoSuchMethodError'{0x00000000c6ee1d70}: java.lang.invoke.DelegatingMethodHandle$Holder.reinvoke_L(Ljava/lang/Object;IIILjava/lang/Object;Ljava/lang/Object;Ljava/lang/Object;Ljava/lang/Object;I)Ljava/lang/Object;> (0x00000000c6ee1d7
Event: 18.168 Thread 0x00000288613ef000 Exception <a 'java/lang/NoSuchMethodError'{0x00000000c6d30258}: java.lang.invoke.DirectMethodHandle$Holder.invokeSpecial(Ljava/lang/Object;Ljava/lang/Object;Ljava/lang/Object;Ljava/lang/Object;Ljava/lang/Object;Ljava/lang/Object;I)Ljava/lang/Object;> (0x0
Event: 18.169 Thread 0x00000288613ef000 Exception <a 'java/lang/NoSuchMethodError'{0x00000000c6d33da8}: java.lang.invoke.DelegatingMethodHandle$Holder.reinvoke_L(Ljava/lang/Object;Ljava/lang/Object;Ljava/lang/Object;Ljava/lang/Object;Ljava/lang/Object;I)Ljava/lang/Object;> (0x00000000c6d33da8) 
Event: 18.170 Thread 0x00000288613ef000 Exception <a 'java/lang/NoSuchMethodError'{0x00000000c6d41ca8}: java.lang.invoke.Invokers$Holder.linkToTargetMethod(Ljava/lang/Object;Ljava/lang/Object;Ljava/lang/Object;Ljava/lang/Object;ILjava/lang/Object;)Ljava/lang/Object;> (0x00000000c6d41ca8) thrown
Event: 21.048 Thread 0x00000288613ef000 Exception <a 'java/lang/NoSuchMethodError'{0x00000000c6db0668}: java.lang.invoke.DirectMethodHandle$Holder.invokeStatic(Ljava/lang/Object;Ljava/lang/Object;Ljava/lang/Object;Ljava/lang/Object;Ljava/lang/Object;Ljava/lang/Object;I)Ljava/lang/Object;> (0x00
Event: 21.061 Thread 0x00000288613ef000 Exception <a 'java/lang/NoSuchMethodError'{0x00000000c6c22158}: java.lang.invoke.DirectMethodHandle$Holder.invokeSpecial(Ljava/lang/Object;Ljava/lang/Object;Ljava/lang/Object;Ljava/lang/Object;D)Ljava/lang/Object;> (0x00000000c6c22158) thrown at [./open/s
Event: 129.042 Thread 0x00000288613ef000 Implicit null exception at 0x000002885271a6ac to 0x000002885271a71c

Events (10 events):
Event: 129.309 Executing VM operation: RevokeBias done
Event: 129.309 Thread 0x00000288611c7800 Thread exited: 0x00000288611c7800
Event: 129.309 loading class jogamp/opengl/egl/EGLGraphicsConfigurationFactory
Event: 129.309 loading class jogamp/opengl/egl/EGLGraphicsConfigurationFactory done
Event: 129.327 loading class com/jogamp/nativewindow/egl/EGLGraphicsDevice
Event: 129.327 loading class com/jogamp/nativewindow/egl/EGLGraphicsDevice done
Event: 129.333 Executing VM operation: RevokeBias
Event: 129.337 Executing VM operation: RevokeBias done
Event: 129.338 loading class jogamp/opengl/egl/EGLDisplayUtil
Event: 129.338 loading class jogamp/opengl/egl/EGLDisplayUtil done


Dynamic libraries:
0x00007ff687740000 - 0x00007ff68774f000 	C:\Program Files\Java\jdk-11.0.10\bin\java.exe
0x00007ff83f8c0000 - 0x00007ff83faac000 	C:\windows\SYSTEM32\ntdll.dll
0x00007ff83f740000 - 0x00007ff83f7f3000 	C:\windows\System32\KERNEL32.DLL
0x00007ff83c4b0000 - 0x00007ff83c744000 	C:\windows\System32\KERNELBASE.dll
0x00007ff839010000 - 0x00007ff83909c000 	C:\windows\SYSTEM32\apphelp.dll
0x00007ff800660000 - 0x00007ff800af1000 	C:\windows\SYSTEM32\AcLayers.DLL
0x00007ff83f6a0000 - 0x00007ff83f73e000 	C:\windows\System32\msvcrt.dll
0x00007ff83f260000 - 0x00007ff83f3f7000 	C:\windows\System32\USER32.dll
0x00007ff83c130000 - 0x00007ff83c150000 	C:\windows\System32\win32u.dll
0x00007ff83f860000 - 0x00007ff83f889000 	C:\windows\System32\GDI32.dll
0x00007ff83c950000 - 0x00007ff83caec000 	C:\windows\System32\gdi32full.dll
0x00007ff83c170000 - 0x00007ff83c210000 	C:\windows\System32\msvcp_win.dll
0x00007ff83c800000 - 0x00007ff83c8fa000 	C:\windows\System32\ucrtbase.dll
0x00007ff83f800000 - 0x00007ff83f852000 	C:\windows\System32\SHLWAPI.dll
0x00007ff83e560000 - 0x00007ff83e88e000 	C:\windows\System32\combase.dll
0x00007ff83f4a0000 - 0x00007ff83f5c0000 	C:\windows\System32\RPCRT4.dll
0x00007ff83c430000 - 0x00007ff83c4af000 	C:\windows\System32\bcryptPrimitives.dll
0x00007ff83e890000 - 0x00007ff83e933000 	C:\windows\System32\ADVAPI32.dll
0x00007ff83e160000 - 0x00007ff83e1ff000 	C:\windows\System32\sechost.dll
0x0000028840aa0000 - 0x0000028840aa3000 	C:\windows\SYSTEM32\sfc.dll
0x00007ff82e1c0000 - 0x00007ff82e249000 	C:\windows\SYSTEM32\WINSPOOL.DRV
0x00007ff83b960000 - 0x00007ff83b971000 	C:\windows\System32\kernel.appcore.dll
0x00007ff83c210000 - 0x00007ff83c236000 	C:\windows\System32\bcrypt.dll
0x00007ff839190000 - 0x00007ff839339000 	C:\windows\SYSTEM32\PROPSYS.dll
0x00007ff83f5d0000 - 0x00007ff83f694000 	C:\windows\System32\OLEAUT32.dll
0x00007ff83eef0000 - 0x00007ff83ef98000 	C:\windows\System32\shcore.dll
0x00007ff83add0000 - 0x00007ff83ae0d000 	C:\windows\SYSTEM32\IPHLPAPI.DLL
0x00007ff809dc0000 - 0x00007ff809dd2000 	C:\windows\SYSTEM32\sfc_os.DLL
0x00007ff801b80000 - 0x00007ff801bdb000 	C:\windows\SYSTEM32\AcGenral.DLL
0x00007ff83e3a0000 - 0x00007ff83e4f6000 	C:\windows\System32\ole32.dll
0x00007ff83cc50000 - 0x00007ff83e149000 	C:\windows\System32\SHELL32.dll
0x00007ff83c900000 - 0x00007ff83c94a000 	C:\windows\System32\cfgmgr32.dll
0x00007ff83b9e0000 - 0x00007ff83c12b000 	C:\windows\System32\windows.storage.dll
0x00007ff83b8b0000 - 0x00007ff83b8d4000 	C:\windows\System32\profapi.dll
0x00007ff83b900000 - 0x00007ff83b95d000 	C:\windows\System32\powrprof.dll
0x00007ff83c150000 - 0x00007ff83c167000 	C:\windows\System32\cryptsp.dll
0x00007ff83b7b0000 - 0x00007ff83b7d9000 	C:\windows\SYSTEM32\USERENV.dll
0x00007ff82e350000 - 0x00007ff82e36b000 	C:\windows\SYSTEM32\MPR.dll
0x00007ff83b7e0000 - 0x00007ff83b80f000 	C:\windows\SYSTEM32\SspiCli.dll
0x00007ff83e370000 - 0x00007ff83e39e000 	C:\windows\System32\IMM32.DLL
0x00007ff835740000 - 0x00007ff835758000 	C:\Program Files\Java\jdk-11.0.10\bin\jli.dll
0x00007ff8319c0000 - 0x00007ff8319d5000 	C:\Program Files\Java\jdk-11.0.10\bin\VCRUNTIME140.dll
0x00007ff825350000 - 0x00007ff8255c9000 	C:\windows\WinSxS\amd64_microsoft.windows.common-controls_6595b64144ccf1df_6.0.17763.1817_none_de6e422c534e0cb9\COMCTL32.dll
0x00007ff831cc0000 - 0x00007ff831cca000 	C:\windows\SYSTEM32\VERSION.dll
0x00007ff81e5a0000 - 0x00007ff81e63b000 	C:\Program Files\Java\jdk-11.0.10\bin\msvcp140.dll
0x00007fffc2f20000 - 0x00007fffc3a1b000 	C:\Program Files\Java\jdk-11.0.10\bin\server\jvm.dll
0x00007ff83f490000 - 0x00007ff83f498000 	C:\windows\System32\PSAPI.DLL
0x00007ff839780000 - 0x00007ff8397a4000 	C:\windows\SYSTEM32\WINMM.dll
0x00007ff813640000 - 0x00007ff813649000 	C:\windows\SYSTEM32\WSOCK32.dll
0x00007ff83f400000 - 0x00007ff83f46d000 	C:\windows\System32\WS2_32.dll
0x00007ff839750000 - 0x00007ff83977d000 	C:\windows\SYSTEM32\WINMMBASE.dll
0x00007ff837770000 - 0x00007ff837780000 	C:\Program Files\Java\jdk-11.0.10\bin\verify.dll
0x00007ff83a260000 - 0x00007ff83a44d000 	C:\windows\SYSTEM32\DBGHELP.DLL
0x00007ff8249b0000 - 0x00007ff8249da000 	C:\windows\SYSTEM32\dbgcore.DLL
0x00007ff831310000 - 0x00007ff831338000 	C:\Program Files\Java\jdk-11.0.10\bin\java.dll
0x00007ff835710000 - 0x00007ff83571a000 	C:\Program Files\Java\jdk-11.0.10\bin\jimage.dll
0x00007ff8246e0000 - 0x00007ff824718000 	C:\Program Files\Java\jdk-11.0.10\bin\jdwp.dll
0x00007ff831990000 - 0x00007ff83199e000 	C:\Program Files\Java\jdk-11.0.10\bin\instrument.dll
0x00007ff828470000 - 0x00007ff828486000 	C:\Program Files\Java\jdk-11.0.10\bin\zip.dll
0x00007ff8313c0000 - 0x00007ff8313ca000 	C:\Program Files\Java\jdk-11.0.10\bin\dt_socket.dll
0x00007ff83b0b0000 - 0x00007ff83b117000 	C:\windows\system32\mswsock.dll
0x00007ff827d70000 - 0x00007ff827d89000 	C:\Program Files\Java\jdk-11.0.10\bin\net.dll
0x00007ff835a10000 - 0x00007ff835b0c000 	C:\windows\SYSTEM32\WINHTTP.dll
0x00007ff825910000 - 0x00007ff825922000 	C:\Program Files\Java\jdk-11.0.10\bin\nio.dll
0x00007fffdc670000 - 0x00007fffdc80a000 	C:\Program Files\Java\jdk-11.0.10\bin\awt.dll
0x00007ff839f10000 - 0x00007ff839f3e000 	C:\windows\system32\DWMAPI.DLL
0x00007ff83c240000 - 0x00007ff83c423000 	C:\windows\System32\CRYPT32.dll
0x00007ff83b8e0000 - 0x00007ff83b8f2000 	C:\windows\System32\MSASN1.dll
0x00007ff839b00000 - 0x00007ff839b9c000 	C:\windows\system32\uxtheme.dll
0x00007ff80d920000 - 0x00007ff80da47000 	C:\windows\system32\opengl32.dll
0x00007ff80f740000 - 0x00007ff80f76c000 	C:\windows\SYSTEM32\GLU32.dll
0x00007ff83e200000 - 0x00007ff83e36b000 	C:\windows\System32\MSCTF.dll
0x00007ff83ac40000 - 0x00007ff83ac73000 	C:\windows\system32\rsaenh.dll
0x00007ff83b2e0000 - 0x00007ff83b2ec000 	C:\windows\SYSTEM32\CRYPTBASE.dll
0x00007ff83f5c0000 - 0x00007ff83f5c8000 	C:\windows\System32\NSI.dll
0x00007ff837060000 - 0x00007ff837076000 	C:\windows\SYSTEM32\dhcpcsvc6.DLL
0x00007ff836ae0000 - 0x00007ff836afc000 	C:\windows\SYSTEM32\dhcpcsvc.DLL
0x00007ff83ae10000 - 0x00007ff83aed6000 	C:\windows\SYSTEM32\DNSAPI.dll
0x000000006e8c0000 - 0x000000006e8cd000 	C:\Users\gknorman\AppData\Local\Temp\jogamp_0000\file_cache\jln11707885286807632216\jln9506570313391231175\natives\windows-amd64\gluegen_rt.dll
0x00007ff828460000 - 0x00007ff828467000 	C:\Program Files\Java\jdk-11.0.10\bin\jawt.dll
0x000000006a440000 - 0x000000006a44d000 	C:\Users\gknorman\AppData\Local\Temp\jogamp_0000\file_cache\jln11707885286807632216\jln9506570313391231175\natives\windows-amd64\nativewindow_awt.dll
0x000000006c100000 - 0x000000006c110000 	C:\Users\gknorman\AppData\Local\Temp\jogamp_0000\file_cache\jln11707885286807632216\jln9506570313391231175\natives\windows-amd64\nativewindow_win32.dll
0x0000000064500000 - 0x0000000064585000 	C:\Users\gknorman\AppData\Local\Temp\jogamp_0000\file_cache\jln11707885286807632216\jln9506570313391231175\natives\windows-amd64\jogl_desktop.dll
0x0000000064340000 - 0x0000000064391000 	C:\Users\gknorman\AppData\Local\Temp\jogamp_0000\file_cache\jln11707885286807632216\jln9506570313391231175\natives\windows-amd64\jogl_mobile.dll
0x00007fffb1fd0000 - 0x00007fffb2ee7000 	C:\windows\System32\DriverStore\FileRepository\iigd_dch.inf_amd64_97abf3bd13eb713d\ig9icd64.dll
0x00007ff83a600000 - 0x00007ff83a6c2000 	C:\windows\system32\dxgi.dll
0x00007ff8324e0000 - 0x00007ff832684000 	C:\windows\System32\DriverStore\FileRepository\iigd_dch.inf_amd64_97abf3bd13eb713d\igdgmm64.dll
0x00007fffda300000 - 0x00007fffda65b000 	C:\windows\System32\DriverStore\FileRepository\iigd_dch.inf_amd64_97abf3bd13eb713d\igdml64.dll
0x00007ff82ebc0000 - 0x00007ff8311c4000 	C:\windows\System32\DriverStore\FileRepository\iigd_dch.inf_amd64_97abf3bd13eb713d\igc64.dll
0x00007ff81eb50000 - 0x00007ff81eb75000 	C:\Program Files\Java\jdk-11.0.10\bin\sunec.dll
0x00007ff82c420000 - 0x00007ff82c42a000 	C:\Windows\System32\rasadhlp.dll
0x00007ff836340000 - 0x00007ff8363b9000 	C:\windows\System32\fwpuclnt.dll
0x00007ff81e360000 - 0x00007ff81e3e5000 	C:\Program Files\Java\jdk-11.0.10\bin\freetype.dll
0x00007ff81e1b0000 - 0x00007ff81e26c000 	C:\Program Files\Java\jdk-11.0.10\bin\harfbuzz.dll
0x00007ff8247c0000 - 0x00007ff8247d2000 	C:\Program Files\Java\jdk-11.0.10\bin\fontmanager.dll
0x00007ff827bf0000 - 0x00007ff827bfd000 	C:\Program Files\Java\jdk-11.0.10\bin\sunmscapi.dll
0x00007ff83b3e0000 - 0x00007ff83b406000 	C:\windows\SYSTEM32\ncrypt.dll
0x00007ff83b3a0000 - 0x00007ff83b3dc000 	C:\windows\SYSTEM32\NTASN1.dll
0x00007ff825d10000 - 0x00007ff825db9000 	C:\windows\WinSxS\amd64_microsoft.windows.common-controls_6595b64144ccf1df_5.82.17763.1817_none_6d0bfdf459f48204\comctl32.dll
0x00007ff83efa0000 - 0x00007ff83f042000 	C:\windows\System32\clbcatq.dll
0x00007fffcdfa0000 - 0x00007fffce0c7000 	C:\windows\system32\NetworkExplorer.dll
0x00007ff831250000 - 0x00007ff83125b000 	C:\windows\System32\drprov.dll
0x00007ff83b120000 - 0x00007ff83b178000 	C:\windows\System32\WINSTA.dll
0x00007fffdb6d0000 - 0x00007fffdb6e5000 	C:\windows\System32\ntlanman.dll
0x00007fffcf720000 - 0x00007fffcf73d000 	C:\windows\System32\davclnt.dll
0x00007ff831240000 - 0x00007ff83124c000 	C:\windows\System32\DAVHLPR.dll
0x00007ff8318c0000 - 0x00007ff8318d7000 	C:\windows\System32\wkscli.dll
0x00007ff82c920000 - 0x00007ff82c932000 	C:\windows\SYSTEM32\cscapi.dll
0x00007ff83aee0000 - 0x00007ff83aeee000 	C:\windows\System32\netutils.dll
0x00007ff8319e0000 - 0x00007ff831a2c000 	C:\Windows\System32\dlnashext.dll
0x00007fffe7f40000 - 0x00007fffe7fa4000 	C:\Windows\System32\PlayToDevice.dll
0x00007ff837af0000 - 0x00007ff837b10000 	C:\Windows\System32\DevDispItemProvider.dll
0x00007ff82c8b0000 - 0x00007ff82c920000 	C:\windows\System32\MMDevApi.dll
0x00007ff83b6d0000 - 0x00007ff83b6f9000 	C:\windows\System32\DEVOBJ.dll
0x00007ff831da0000 - 0x00007ff8324df000 	C:\Windows\System32\OneCoreUAPCommonProxyStub.dll
0x00007ff831cd0000 - 0x00007ff831d6f000 	C:\Windows\System32\PortableDeviceApi.dll
0x00007ff83ea70000 - 0x00007ff83eee6000 	C:\windows\System32\SETUPAPI.dll
0x00007ff83b980000 - 0x00007ff83b9d9000 	C:\windows\System32\WINTRUST.dll
0x00007fffcf6f0000 - 0x00007fffcf715000 	C:\Windows\System32\EhStorAPI.dll
0x00007ff839150000 - 0x00007ff839163000 	C:\Windows\System32\WTSAPI32.dll
0x00007ff80e2a0000 - 0x00007ff80e2ad000 	C:\windows\SYSTEM32\LINKINFO.dll
0x00007ff835f90000 - 0x00007ff836148000 	C:\windows\SYSTEM32\WindowsCodecs.dll
0x00007ff80b880000 - 0x00007ff80b8d7000 	C:\windows\system32\dataexchange.dll
0x00007ff837fc0000 - 0x00007ff83823e000 	C:\windows\system32\d3d11.dll
0x00007ff838810000 - 0x00007ff8389d3000 	C:\windows\system32\dcomp.dll
0x00007ff839bd0000 - 0x00007ff839ddc000 	C:\windows\system32\twinapi.appcore.dll
0x00007ff839de0000 - 0x00007ff839e08000 	C:\windows\system32\RMCLIENT.dll
0x00007ff81df70000 - 0x00007ff81e004000 	C:\windows\System32\TextInputFramework.dll

dbghelp: loaded successfully - version: 4.0.5 - missing functions: none
symbol engine: initialized successfully - sym options: 0x614 - pdb path: .;C:\Program Files\Java\jdk-11.0.10\bin;C:\windows\SYSTEM32;C:\windows\WinSxS\amd64_microsoft.windows.common-controls_6595b64144ccf1df_6.0.17763.1817_none_de6e422c534e0cb9;C:\Program Files\Java\jdk-11.0.10\bin\server;C:\Users\gknorman\AppData\Local\Temp\jogamp_0000\file_cache\jln11707885286807632216\jln9506570313391231175\natives\windows-amd64;C:\windows\System32\DriverStore\FileRepository\iigd_dch.inf_amd64_97abf3bd13eb713d;C:\windows\WinSxS\amd64_microsoft.windows.common-controls_6595b64144ccf1df_5.82.17763.1817_none_6d0bfdf459f48204;C:\windows\WinSxS\amd64_microsoft.windows.gdiplus_6595b64144ccf1df_1.1.17763.1817_none_0f593511ade08687;C:\Users\gknorman\cms-main\WorldWindJava-cms\lib-external\gdal;C:\windows\WinSxS\amd64_microsoft.vc80.crt_1fc8b3b9a1e18e3b_8.0.50727.9554_none_88e038cb2fae7c50

VM Arguments:
jvm_args: -agentlib:jdwp=transport=dt_socket,address=127.0.0.1:63132,suspend=y,server=n -Dsun.java2d.uiScale.enabled=false -Xmx1024m -Dsun.java2d.noddraw=true -Dsun.awt.noerasebackground=true -javaagent:C:\Users\gknorman\AppData\Local\JetBrains\IdeaIC2020.3\captureAgent\debugger-agent.jar -Dfile.encoding=UTF-8 
java_command: gov.nasa.cms.CelestialMappingSystem -Djava.util.logging.config.file=logging.properties -Dgov.nasa.worldwind.stereo.mode=none
java_class_path (initial): C:\Users\gknorman\cms-main\WorldWindJava-cms\classes;C:\Users\gknorman\cms-main\WorldWindJava-cms\gdal.jar;C:\Users\gknorman\cms-main\WorldWindJava-cms\cms.jar;C:\Users\gknorman\cms-main\WorldWindJava-cms\jogl-all.jar;C:\Users\gknorman\cms-main\WorldWindJava-cms\JPlanner.jar;C:\Users\gknorman\cms-main\WorldWindJava-cms\junit-4.5.jar;C:\Users\gknorman\cms-main\WorldWindJava-cms\worldwind.jar;C:\Users\gknorman\cms-main\WorldWindJava-cms\gluegen-rt.jar;C:\Users\gknorman\cms-main\WorldWindJava-cms\worldwindx.jar;C:\Users\gknorman\cms-main\WorldWindJava-cms\vpf-symbols.jar;C:\Users\gknorman\cms-main\WorldWindJava-cms\jogl-all-natives-linux-amd64.jar;C:\Users\gknorman\cms-main\WorldWindJava-cms\gluegen-rt-natives-linux-amd64.jar;C:\Users\gknorman\cms-main\WorldWindJava-cms\jogl-all-natives-windows-amd64.jar;C:\Users\gknorman\cms-main\WorldWindJava-cms\gluegen-rt-natives-windows-amd64.jar;C:\Users\gknorman\cms-main\WorldWindJava-cms\jogl-all-natives-macosx-universal.jar;C:\Users\gknorman\cms-main\WorldWindJava-cms\gluegen-rt-natives-macosx-universal.jar;C:\Program Files\JetBrains\IntelliJ IDEA Community Edition 2020.3.2\lib\idea_rt.jar
Launcher Type: SUN_STANDARD

[Global flags]
     intx CICompilerCount                          = 4                                         {product} {ergonomic}
     uint ConcGCThreads                            = 2                                         {product} {ergonomic}
     uint G1ConcRefinementThreads                  = 8                                         {product} {ergonomic}
   size_t G1HeapRegionSize                         = 1048576                                   {product} {ergonomic}
    uintx GCDrainStackTargetSize                   = 64                                        {product} {ergonomic}
   size_t InitialHeapSize                          = 132120576                                 {product} {ergonomic}
   size_t MarkStackSize                            = 4194304                                   {product} {ergonomic}
   size_t MaxHeapSize                              = 1073741824                                {product} {command line}
   size_t MaxNewSize                               = 643825664                                 {product} {ergonomic}
   size_t MinHeapDeltaBytes                        = 1048576                                   {product} {ergonomic}
    uintx NonNMethodCodeHeapSize                   = 5836300                                {pd product} {ergonomic}
    uintx NonProfiledCodeHeapSize                  = 122910970                              {pd product} {ergonomic}
    uintx ProfiledCodeHeapSize                     = 122910970                              {pd product} {ergonomic}
    uintx ReservedCodeCacheSize                    = 251658240                              {pd product} {ergonomic}
     bool SegmentedCodeCache                       = true                                      {product} {ergonomic}
     bool UseCompressedClassPointers               = true                                 {lp64_product} {ergonomic}
     bool UseCompressedOops                        = true                                 {lp64_product} {ergonomic}
     bool UseG1GC                                  = true                                      {product} {ergonomic}
     bool UseLargePagesIndividualAllocation        = false                                  {pd product} {ergonomic}

Logging:
Log output configuration:
 #0: stdout all=warning uptime,level,tags
 #1: stderr all=off uptime,level,tags

Environment Variables:
JAVA_HOME=C:\Program Files\Java\jdk-15.0.1
PATH=C:\Program Files\Common Files\Oracle\Java\javapath;C:\Program Files (x86)\Common Files\Oracle\Java\javapath;C:\windows\system32;C:\windows;C:\windows\System32\Wbem;C:\windows\System32\WindowsPowerShell\v1.0\;C:\windows\System32\OpenSSH\;c:\Program Files (x86)\HID Global\ActivClient\;c:\Program Files\HID Global\ActivClient\;C:\Program Files\Microsoft VS Code\bin;C:\Program Files\nodejs\;C:\Users\gknorman\AppData\Local\Programs\Python\Python39\Scripts\;C:\Users\gknorman\AppData\Local\Programs\Python\Python39\;C:\Users\gknorman\AppData\Local\Programs\Python\Launcher\;C:\Users\gknorman\AppData\Local\Microsoft\WindowsApps;C:\Users\gknorman\AppData\Local\Programs\Git\cmd;C:\Users\gknorman\Miniconda3;C:\Users\gknorman\Miniconda3\Library\mingw-w64\bin;C:\Users\gknorman\Miniconda3\Library\usr\bin;C:\Users\gknorman\Miniconda3\Library\bin;C:\Users\gknorman\Miniconda3\Scripts;C:\Users\gknorman\Miniconda3\bin;C:\Users\gknorman\Miniconda3\condabin;C:\Program Files\Common Files\Oracle\Java\javapath;C:\Program Files (x86)\Common Files\Oracle\Java\javapath;C:\windows\system32;C:\windows;C:\windows\System32\Wbem;C:\windows\System32\WindowsPowerShell\v1.0;C:\windows\System32\OpenSSH;c:\Program Files (x86)\HID Global\ActivClient;c:\Program Files\HID Global\ActivClient;C:\Program Files\Microsoft VS Code\bin;C:\Program Files\nodejs;C:\Users\gknorman\AppData\Local\Programs\Python\Python39\Scripts;C:\Users\gknorman\AppData\Local\Programs\Python\Python39;C:\Users\gknorman\AppData\Local\Programs\Python\Launcher;C:\Users\gknorman\AppData\Local\Microsoft\WindowsApps;C:\Users\gknorman\AppData\Local\Programs\Git\cmd;C:\Users\gknorman\gdalmain\bin\gdal\apps;C:\Users\gknorman\gdalmain\bin;C:\Users\gknorman\miniconda3path\Library\share\gdal;C:\Users\gknorman\miniconda3path\pkgs\gdal-3.1.4-py38h8f7194f_0;;C:\ant\apache-ant-1.10.9\bin;C:\Program Files\Java\jdk-15.0.1\bin;C:\Users\gknorman\AppData\Local\GitHubDesktop\bin
USERNAME=gknorman
OS=Windows_NT
PROCESSOR_IDENTIFIER=Intel64 Family 6 Model 142 Stepping 12, GenuineIntel



---------------  S Y S T E M  ---------------

OS: Windows 10 , 64 bit Build 17763 (10.0.17763.475)

CPU:total 8 (initial active 8) (4 cores per cpu, 2 threads per core) family 6 model 142 stepping 12 microcode 0xca, cmov, cx8, fxsr, mmx, sse, sse2, sse3, ssse3, sse4.1, sse4.2, popcnt, avx, avx2, aes, clmul, erms, 3dnowpref, lzcnt, ht, tsc, tscinvbit, bmi1, bmi2, adx, fma

Memory: 4k page, system-wide physical 8006M (621M free)
TotalPageFile size 19270M (AvailPageFile size 3032M)
current process WorkingSet (physical memory assigned to process): 355M, peak: 422M
current process commit charge ("private bytes"): 367M, peak: 436M

vm_info: Java HotSpot(TM) 64-Bit Server VM (11.0.10+8-LTS-162) for windows-amd64 JRE (11.0.10+8-LTS-162), built on Dec  8 2020 16:32:57 by "mach5one" with MS VC++ 15.9 (VS2017)

END.
