#
# A fatal error has been detected by the Java Runtime Environment:
#
#  EXCEPTION_ACCESS_VIOLATION (0xc0000005) at pc=0x00007ffbf0536b8e, pid=26548, tid=2972
#
# JRE version: Java(TM) SE Runtime Environment 18.9 (11.0.10+8) (build 11.0.10+8-LTS-162)
# Java VM: Java HotSpot(TM) 64-Bit Server VM 18.9 (11.0.10+8-LTS-162, mixed mode, tiered, compressed oops, g1 gc, windows-amd64)
# Problematic frame:
# C  [ig9icd64.dll+0x4d6b8e]
#
# No core dump will be written. Minidumps are not enabled by default on client versions of Windows
#
# If you would like to submit a bug report, please visit:
#   https://bugreport.java.com/bugreport/crash.jsp
# The crash happened outside the Java Virtual Machine in native code.
# See problematic frame for where to report the bug.
#

---------------  S U M M A R Y ------------

Command Line: -agentlib:jdwp=transport=dt_socket,address=127.0.0.1:62791,suspend=y,server=n -Dsun.java2d.uiScale.enabled=false -Xmx1024m -Dsun.java2d.noddraw=true -Dsun.awt.noerasebackground=true -javaagent:C:\Users\gknorman\AppData\Local\JetBrains\IdeaIC2020.3\captureAgent\debugger-agent.jar -Dfile.encoding=UTF-8 gov.nasa.cms.CelestialMappingSystem -Djava.util.logging.config.file=logging.properties -Dgov.nasa.worldwind.stereo.mode=none

Host: Intel(R) Core(TM) i5-8365U CPU @ 1.60GHz, 8 cores, 7G,  Windows 10 , 64 bit Build 17763 (10.0.17763.475)
Time: Mon Feb 22 16:04:58 2021 Pacific Standard Time elapsed time: 3498.651430 seconds (0d 0h 58m 18s)

---------------  T H R E A D  ---------------

Current thread (0x000002219f51b800):  JavaThread "AWT-EventQueue-0" [_thread_in_native, id=2972, stack(0x000000f746300000,0x000000f746400000)]

Stack: [0x000000f746300000,0x000000f746400000],  sp=0x000000f7463f9d78,  free space=999k
Native frames: (J=compiled Java code, j=interpreted, Vv=VM code, C=native code)
C  [ig9icd64.dll+0x4d6b8e]

Java frames: (J=compiled Java code, j=interpreted, Vv=VM code)
J 4578  jogamp.opengl.gl4.GL4bcImpl.dispatch_glBegin1(IJ)V (0 bytes) @ 0x00000221900ffd7b [0x00000221900ffd40+0x000000000000003b]
J 7276 c2 gov.nasa.worldwind.render.PointPlacemark.drawPoint(Lgov/nasa/worldwind/render/DrawContext;Lgov/nasa/worldwind/pick/PickSupport;Lgov/nasa/worldwind/render/PointPlacemark$OrderedPlacemark;)V (306 bytes) @ 0x00000221903b9e64 [0x00000221903b9540+0x0000000000000924]
J 6723 c2 gov.nasa.worldwind.render.PointPlacemark.doDrawOrderedRenderable(Lgov/nasa/worldwind/render/DrawContext;Lgov/nasa/worldwind/pick/PickSupport;Lgov/nasa/worldwind/render/PointPlacemark$OrderedPlacemark;)V (912 bytes) @ 0x00000221902f9c48 [0x00000221902f9b40+0x0000000000000108]
J 7652 c1 gov.nasa.worldwind.render.PointPlacemark.drawOrderedRenderable(Lgov/nasa/worldwind/render/DrawContext;Lgov/nasa/worldwind/render/PointPlacemark$OrderedPlacemark;)V (44 bytes) @ 0x0000022189d206ac [0x0000022189d205c0+0x00000000000000ec]
j  gov.nasa.worldwind.render.PointPlacemark$OrderedPlacemark.render(Lgov/nasa/worldwind/render/DrawContext;)V+6
J 6282 c1 gov.nasa.worldwind.AbstractSceneController.draw(Lgov/nasa/worldwind/render/DrawContext;)V (430 bytes) @ 0x0000022189907d6c [0x0000022189905cc0+0x00000000000020ac]
J 7353 c1 gov.nasa.worldwind.StereoOptionSceneController.draw(Lgov/nasa/worldwind/render/DrawContext;)V (186 bytes) @ 0x0000022189c59f9c [0x0000022189c59300+0x0000000000000c9c]
j  gov.nasa.worldwind.BasicSceneController.doNormalRepaint(Lgov/nasa/worldwind/render/DrawContext;)V+37
j  gov.nasa.worldwind.BasicSceneController.doRepaint(Lgov/nasa/worldwind/render/DrawContext;)V+44
j  gov.nasa.worldwind.AbstractSceneController.repaint()I+49
j  gov.nasa.worldwind.WorldWindowGLAutoDrawable.doDisplay()I+4
j  gov.nasa.worldwind.WorldWindowGLAutoDrawable.display(Lcom/jogamp/opengl/GLAutoDrawable;)V+122
j  jogamp.opengl.GLDrawableHelper.displayImpl(Lcom/jogamp/opengl/GLAutoDrawable;)V+62
j  jogamp.opengl.GLDrawableHelper.display(Lcom/jogamp/opengl/GLAutoDrawable;)V+2
j  com.jogamp.opengl.awt.GLCanvas$11.run()V+118
J 7348 c1 jogamp.opengl.GLDrawableHelper.invokeGLImpl(Lcom/jogamp/opengl/GLDrawable;Lcom/jogamp/opengl/GLContext;Ljava/lang/Runnable;Ljava/lang/Runnable;)V (579 bytes) @ 0x0000022189c5475c [0x0000022189c53920+0x0000000000000e3c]
j  jogamp.opengl.GLDrawableHelper.invokeGL(Lcom/jogamp/opengl/GLDrawable;Lcom/jogamp/opengl/GLContext;Ljava/lang/Runnable;Ljava/lang/Runnable;)V+72
j  com.jogamp.opengl.awt.GLCanvas$12.run()V+104
J 6966 c1 com.jogamp.opengl.Threading.invoke(ZLjava/lang/Runnable;Ljava/lang/Object;)V (33 bytes) @ 0x0000022189b38b94 [0x0000022189b38980+0x0000000000000214]
j  com.jogamp.opengl.awt.GLCanvas.display()V+64
J 7346 c1 com.jogamp.opengl.awt.GLCanvas.paint(Ljava/awt/Graphics;)V (141 bytes) @ 0x0000022189c521bc [0x0000022189c51560+0x0000000000000c5c]
j  com.jogamp.opengl.awt.GLCanvas.update(Ljava/awt/Graphics;)V+2
J 7548 c1 sun.awt.RepaintArea.paint(Ljava/lang/Object;Z)V java.desktop@11.0.10 (354 bytes) @ 0x0000022189cde63c [0x0000022189cdd580+0x00000000000010bc]
J 5321 c1 sun.awt.windows.WComponentPeer.handleEvent(Ljava/awt/AWTEvent;)V java.desktop@11.0.10 (173 bytes) @ 0x00000221895b3544 [0x00000221895b2680+0x0000000000000ec4]
J 5237 c1 java.awt.Component.dispatchEventImpl(Ljava/awt/AWTEvent;)V java.desktop@11.0.10 (777 bytes) @ 0x0000022189554d8c [0x000002218954fbc0+0x00000000000051cc]
J 5354 c2 java.awt.EventQueue.dispatchEventImpl(Ljava/awt/AWTEvent;Ljava/lang/Object;)V java.desktop@11.0.10 (136 bytes) @ 0x000002219019abb0 [0x0000022190199be0+0x0000000000000fd0]
J 6785 c2 java.awt.EventQueue$4.run()Ljava/lang/Object; java.desktop@11.0.10 (5 bytes) @ 0x0000022190308af8 [0x0000022190308aa0+0x0000000000000058]
v  ~StubRoutines::call_stub
J 4156  java.security.AccessController.doPrivileged(Ljava/security/PrivilegedAction;Ljava/security/AccessControlContext;)Ljava/lang/Object; java.base@11.0.10 (0 bytes) @ 0x00000221900b2926 [0x00000221900b28c0+0x0000000000000066]
J 5304 c1 java.awt.EventQueue$5.run()Ljava/lang/Object; java.desktop@11.0.10 (5 bytes) @ 0x000002218959f01c [0x000002218959ecc0+0x000000000000035c]
v  ~StubRoutines::call_stub
J 4156  java.security.AccessController.doPrivileged(Ljava/security/PrivilegedAction;Ljava/security/AccessControlContext;)Ljava/lang/Object; java.base@11.0.10 (0 bytes) @ 0x00000221900b2926 [0x00000221900b28c0+0x0000000000000066]
J 5183 c2 java.awt.EventQueue.dispatchEvent(Ljava/awt/AWTEvent;)V java.desktop@11.0.10 (80 bytes) @ 0x000002219017e00c [0x000002219017db80+0x000000000000048c]
J 5208 c2 java.awt.EventDispatchThread.pumpOneEventForFilters(I)V java.desktop@11.0.10 (113 bytes) @ 0x00000221901cb31c [0x00000221901ca400+0x0000000000000f1c]
j  java.awt.EventDispatchThread.pumpEventsForFilter(ILjava/awt/Conditional;Ljava/awt/EventFilter;)V+35 java.desktop@11.0.10
j  java.awt.EventDispatchThread.pumpEventsForHierarchy(ILjava/awt/Conditional;Ljava/awt/Component;)V+11 java.desktop@11.0.10
j  java.awt.EventDispatchThread.pumpEvents(ILjava/awt/Conditional;)V+4 java.desktop@11.0.10
j  java.awt.EventDispatchThread.pumpEvents(Ljava/awt/Conditional;)V+3 java.desktop@11.0.10
j  java.awt.EventDispatchThread.run()V+9 java.desktop@11.0.10
v  ~StubRoutines::call_stub

siginfo: EXCEPTION_ACCESS_VIOLATION (0xc0000005), reading address 0x00007fff30a0bcf0


Register to memory mapping:

RIP=0x00007ffbf0536b8e ig9icd64.dll
RAX=0x000000000fff0fff is an unknown value
RBX=0x000000f7463fa290 is pointing into the stack for thread: 0x000002219f51b800
RCX=0x00007fff30a0bccc is an unknown value
RDX=0x000000f7463fa290 is pointing into the stack for thread: 0x000002219f51b800
RSP=0x000000f7463f9d78 is pointing into the stack for thread: 0x000002219f51b800
RBP=0x000000f7463f9e80 is pointing into the stack for thread: 0x000002219f51b800
RSI=0x000002219f134910 points into unknown readable memory: 00 00 00 00 00 00 00 00
RDI=0x00007ffbf0d17d00 ig9icd64.dll
R8 =0x000000f7463f9eb0 is pointing into the stack for thread: 0x000002219f51b800
R9 =0x000000f7463fa290 is pointing into the stack for thread: 0x000002219f51b800
R10=0x000000f7463fa080 is pointing into the stack for thread: 0x000002219f51b800
R11=0x0 is NULL
R12=0x0000000000000100 is an unknown value
R13=0x0 is NULL
R14=0x0000000000000001 is an unknown value
R15=0x0 is NULL


Registers:
RAX=0x000000000fff0fff, RBX=0x000000f7463fa290, RCX=0x00007fff30a0bccc, RDX=0x000000f7463fa290
RSP=0x000000f7463f9d78, RBP=0x000000f7463f9e80, RSI=0x000002219f134910, RDI=0x00007ffbf0d17d00
R8 =0x000000f7463f9eb0, R9 =0x000000f7463fa290, R10=0x000000f7463fa080, R11=0x0000000000000000
R12=0x0000000000000100, R13=0x0000000000000000, R14=0x0000000000000001, R15=0x0000000000000000
RIP=0x00007ffbf0536b8e, EFLAGS=0x0000000000010206

Top of Stack: (sp=0x000000f7463f9d78)
0x000000f7463f9d78:   00007ffbf053046e 000000f7463fa290
0x000000f7463f9d88:   000000f7463fa080 0000000000000000
0x000000f7463f9d98:   00000221ab993100 0000000000000000
0x000000f7463f9da8:   00000221abab42d0 000002219ed5b170
0x000000f7463f9db8:   00007ffc00000000 000000f7463f9ee8
0x000000f7463f9dc8:   00007ffbf01b834a 00000221b10919c0
0x000000f7463f9dd8:   000000f7463f9f70 000000f7463f9f50
0x000000f7463f9de8:   00007ffbf01b89ea 0000000000000000
0x000000f7463f9df8:   000000f7463f9ef0 000000f7463f9ee8
0x000000f7463f9e08:   0000000000000000 00009d0bf5fe9d00
0x000000f7463f9e18:   0000000000000000 0000000000000000
0x000000f7463f9e28:   0000000000000200 0000000000000001
0x000000f7463f9e38:   0000000000000000 000002219e286100
0x000000f7463f9e48:   0000000000000065 000000f7463f9f70
0x000000f7463f9e58:   0000000002f804af 0000000000000000
0x000000f7463f9e68:   00000221f73a0000 000000f7463f9f70 

Instructions: (pc=0x00007ffbf0536b8e)
0x00007ffbf0536b6e:   8b 41 08 41 89 40 44 8b 41 0c 41 89 40 48 8b 41
0x00007ffbf0536b7e:   10 41 89 40 4c 49 63 42 78 48 6b c8 34 48 03 cf
0x00007ffbf0536b8e:   8b 41 24 41 89 40 50 8b 41 28 41 89 40 54 8b 41
0x00007ffbf0536b9e:   2c 41 89 40 58 8b 41 30 41 89 40 5c 8b 41 14 41 


Stack slot to memory mapping:
stack at sp + 0 slots: 0x00007ffbf053046e ig9icd64.dll
stack at sp + 1 slots: 0x000000f7463fa290 is pointing into the stack for thread: 0x000002219f51b800
stack at sp + 2 slots: 0x000000f7463fa080 is pointing into the stack for thread: 0x000002219f51b800
stack at sp + 3 slots: 0x0 is NULL
stack at sp + 4 slots: 0x00000221ab993100 points into unknown readable memory: 20 a8 c2 9e 21 02 00 00
stack at sp + 5 slots: 0x0 is NULL
stack at sp + 6 slots: 0x00000221abab42d0 points into unknown readable memory: 20 a8 c2 9e 21 02 00 00
stack at sp + 7 slots: 0x000002219ed5b170 points into unknown readable memory: 40 e6 6d f7 21 02 00 00


---------------  P R O C E S S  ---------------

Threads class SMR info:
_java_thread_list=0x000002219e96b440, length=38, elements={
0x000002219d767800, 0x000002219d771800, 0x000002219d779800, 0x000002219d77b800,
0x000002219d77f800, 0x000002219d7ca800, 0x000002219d7cf000, 0x000002219c9b6000,
0x000002219db09800, 0x000002219dad4000, 0x000002219df4f000, 0x000002219e803800,
0x000002219ec27000, 0x000002219f328000, 0x000002219f32e800, 0x000002219f51d800,
0x000002219f51b800, 0x000002219f521800, 0x000002219f51c800, 0x000002219f51f800,
0x000002219f524000, 0x000002219f523000, 0x000002219f520800, 0x000002219f526000,
0x000002219f522000, 0x000002219f525800, 0x000002219f32c800, 0x000002219f32c000,
0x000002219f328800, 0x000002219f329800, 0x000002219f32a000, 0x00000221b4d0a000,
0x00000221b4d07800, 0x00000221b4d09000, 0x00000221b4d0a800, 0x00000221b4d06800,
0x00000221b4d12000, 0x00000221b4d0c000
}

Java Threads: ( => current thread )
  0x000002219d767800 JavaThread "Reference Handler" daemon [_thread_blocked, id=19528, stack(0x000000f743400000,0x000000f743500000)]
  0x000002219d771800 JavaThread "Finalizer" daemon [_thread_blocked, id=24392, stack(0x000000f743500000,0x000000f743600000)]
  0x000002219d779800 JavaThread "Signal Dispatcher" daemon [_thread_blocked, id=20712, stack(0x000000f743600000,0x000000f743700000)]
  0x000002219d77b800 JavaThread "Attach Listener" daemon [_thread_blocked, id=25084, stack(0x000000f743700000,0x000000f743800000)]
  0x000002219d77f800 JavaThread "C2 CompilerThread0" daemon [_thread_in_native, id=11696, stack(0x000000f743800000,0x000000f743900000)]
  0x000002219d7ca800 JavaThread "C1 CompilerThread0" daemon [_thread_blocked, id=18512, stack(0x000000f743900000,0x000000f743a00000)]
  0x000002219d7cf000 JavaThread "Sweeper thread" daemon [_thread_blocked, id=7596, stack(0x000000f743a00000,0x000000f743b00000)]
  0x000002219c9b6000 JavaThread "Common-Cleaner" daemon [_thread_blocked, id=21176, stack(0x000000f743b00000,0x000000f743c00000)]
  0x000002219db09800 JavaThread "JDWP Event Helper Thread" daemon [_thread_blocked, id=25900, stack(0x000000f743e00000,0x000000f743f00000)]
  0x000002219dad4000 JavaThread "Service Thread" daemon [_thread_blocked, id=18828, stack(0x000000f743c00000,0x000000f743d00000)]
  0x000002219df4f000 JavaThread "Java2D Disposer" daemon [_thread_blocked, id=24596, stack(0x000000f744500000,0x000000f744600000)]
  0x000002219e803800 JavaThread "AWT-Windows" daemon [_thread_in_native, id=14580, stack(0x000000f744700000,0x000000f744800000)]
  0x000002219ec27000 JavaThread "main-SharedResourceRunner" daemon [_thread_in_native, id=17236, stack(0x000000f744b00000,0x000000f744c00000)]
  0x000002219f328000 JavaThread "TimerQueue" daemon [_thread_blocked, id=26616, stack(0x000000f746000000,0x000000f746100000)]
  0x000002219f32e800 JavaThread "Thread-16" daemon [_thread_blocked, id=25604, stack(0x000000f746100000,0x000000f746200000)]
  0x000002219f51d800 JavaThread "AWT-Shutdown" [_thread_blocked, id=14592, stack(0x000000f746200000,0x000000f746300000)]
=>0x000002219f51b800 JavaThread "AWT-EventQueue-0" [_thread_in_native, id=2972, stack(0x000000f746300000,0x000000f746400000)]
  0x000002219f521800 JavaThread "DestroyJavaVM" [_thread_blocked, id=2644, stack(0x000000f742d00000,0x000000f742e00000)]
  0x000002219f51c800 JavaThread "Idle WorldWind Task " daemon [_thread_blocked, id=3416, stack(0x000000f744300000,0x000000f744400000)]
  0x000002219f51f800 JavaThread "Idle WorldWind Task " daemon [_thread_blocked, id=25312, stack(0x000000f745c00000,0x000000f745d00000)]
  0x000002219f524000 JavaThread "Idle WorldWind Task " daemon [_thread_blocked, id=23852, stack(0x000000f745d00000,0x000000f745e00000)] _threads_hazard_ptr=0x000002219e96b440
  0x000002219f523000 JavaThread "Idle WorldWind Task " daemon [_thread_blocked, id=18260, stack(0x000000f745e00000,0x000000f745f00000)]
  0x000002219f520800 JavaThread "Running WorldWind Task Moon/LROElevation/9/3175/2225" daemon [_thread_in_native, id=18264, stack(0x000000f745f00000,0x000000f746000000)]
  0x000002219f526000 JavaThread "Idle WorldWind Task " daemon [_thread_blocked, id=23656, stack(0x000000f742b00000,0x000000f742c00000)]
  0x000002219f522000 JavaThread "Idle WorldWind Task " daemon [_thread_blocked, id=18668, stack(0x000000f745000000,0x000000f745100000)]
  0x000002219f525800 JavaThread "Idle WorldWind Task " daemon [_thread_blocked, id=20900, stack(0x000000f745100000,0x000000f745200000)]
  0x000002219f32c800 JavaThread "Running WorldWind Retriever: https://celestial.arc.nasa.gov/cgi-bin/mapserv?map=/data/elev/lro.map&service=WMS&request=GetMap&version=1.3.0&crs=CRS:84&layers=lro_elevations_layer&styles=&format=application/bil16&width=150&height=150&bbox=-93.125,33.984375,-93.046875,34.0625&" daemon [_thread_in_native, id=21156, stack(0x000000f745600000,0x000000f745700000)]
  0x000002219f32c000 JavaThread "Idle WorldWind Retriever" daemon [_thread_blocked, id=11860, stack(0x000000f745900000,0x000000f745a00000)]
  0x000002219f328800 JavaThread "pool-1-thread-1" [_thread_blocked, id=23788, stack(0x000000f745b00000,0x000000f745c00000)]
  0x000002219f329800 JavaThread "pool-1-thread-2" [_thread_blocked, id=19320, stack(0x000000f746400000,0x000000f746500000)]
  0x000002219f32a000 JavaThread "pool-1-thread-3" [_thread_blocked, id=12792, stack(0x000000f746500000,0x000000f746600000)]
  0x00000221b4d0a000 JavaThread "pool-1-thread-4" [_thread_blocked, id=20500, stack(0x000000f746700000,0x000000f746800000)]
  0x00000221b4d07800 JavaThread "Running WorldWind Retriever: https://celestial.arc.nasa.gov/cgi-bin/mapserv?map=/data/elev/lro.map&service=WMS&request=GetMap&version=1.3.0&crs=CRS:84&layers=lro_elevations_layer&styles=&format=application/bil16&width=150&height=150&bbox=-93.0859375,34.0234375,-93.046875,34.0625&" daemon [_thread_in_native, id=24244, stack(0x000000f746800000,0x000000f746900000)]
  0x00000221b4d09000 JavaThread "Running WorldWind Retriever: https://celestial.arc.nasa.gov/cgi-bin/mapserv?map=/data/elev/lro.map&service=WMS&request=GetMap&version=1.3.0&crs=CRS:84&layers=lro_elevations_layer&styles=&format=application/bil16&width=150&height=150&bbox=-93.125,34.0234375,-93.0859375,34.0625&" daemon [_thread_in_native, id=17064, stack(0x000000f746900000,0x000000f746a00000)]
  0x00000221b4d0a800 JavaThread "Keep-Alive-Timer" daemon [_thread_blocked, id=25936, stack(0x000000f743f00000,0x000000f744000000)]
  0x00000221b4d06800 JavaThread "SIGINT handler" daemon [_thread_blocked, id=11228, stack(0x000000f745200000,0x000000f745300000)]
  0x00000221b4d12000 JavaThread "ToolkitShutdown" daemon [_thread_in_native, id=25628, stack(0x000000f745a00000,0x000000f745b00000)]
  0x00000221b4d0c000 JavaThread "NativeWindowFactory_ShutdownHook" [_thread_blocked, id=16972, stack(0x000000f746600000,0x000000f746700000)]

Other Threads:
  0x000002219d763800 VMThread "VM Thread" [stack: 0x000000f743300000,0x000000f743400000] [id=9808]
  0x000002219dd25000 WatcherThread [stack: 0x000000f744000000,0x000000f744100000] [id=24544]
  0x00000221f76f4000 GCTaskThread "GC Thread#0" [stack: 0x000000f742e00000,0x000000f742f00000] [id=16512]
  0x000002219def2000 GCTaskThread "GC Thread#1" [stack: 0x000000f744100000,0x000000f744200000] [id=2832]
  0x000002219def2800 GCTaskThread "GC Thread#2" [stack: 0x000000f744200000,0x000000f744300000] [id=25548]
  0x000002219eadd800 GCTaskThread "GC Thread#3" [stack: 0x000000f744600000,0x000000f744700000] [id=18876]
  0x000002219ebdf800 GCTaskThread "GC Thread#4" [stack: 0x000000f744800000,0x000000f744900000] [id=22808]
  0x000002219ebe0000 GCTaskThread "GC Thread#5" [stack: 0x000000f744900000,0x000000f744a00000] [id=2084]
  0x00000221abae2800 GCTaskThread "GC Thread#6" [stack: 0x000000f745400000,0x000000f745500000] [id=11872]
  0x000002219f54c800 GCTaskThread "GC Thread#7" [stack: 0x000000f745500000,0x000000f745600000] [id=26456]
  0x00000221f7711000 ConcurrentGCThread "G1 Main Marker" [stack: 0x000000f742f00000,0x000000f743000000] [id=21436]
  0x00000221f7713000 ConcurrentGCThread "G1 Conc#0" [stack: 0x000000f743000000,0x000000f743100000] [id=11928]
  0x000002219df18800 ConcurrentGCThread "G1 Conc#1" [stack: 0x000000f744a00000,0x000000f744b00000] [id=17240]
  0x000002219c85e800 ConcurrentGCThread "G1 Refine#0" [stack: 0x000000f743100000,0x000000f743200000] [id=19440]
  0x00000221abd80800 ConcurrentGCThread "G1 Refine#1" [stack: 0x000000f742c00000,0x000000f742d00000] [id=25692]
  0x00000221b19b1800 ConcurrentGCThread "G1 Refine#2" [stack: 0x000000f744400000,0x000000f744500000] [id=20260]
  0x000002219c861800 ConcurrentGCThread "G1 Young RemSet Sampling" [stack: 0x000000f743200000,0x000000f743300000] [id=23740]

Threads with active compile tasks:
C2 CompilerThread03498750 7932       4       sun.security.ssl.SSLAlgorithmConstraints::permits (96 bytes)

VM state:not at safepoint (normal execution)

VM Mutex/Monitor currently owned by a thread: None

Heap address: 0x00000000c0000000, size: 1024 MB, Compressed Oops mode: 32-bit
Narrow klass base: 0x0000000000000000, Narrow klass shift: 3
Compressed class space size: 1073741824 Address: 0x0000000100000000

Heap:
 garbage-first heap   total 129024K, used 61414K [0x00000000c0000000, 0x0000000100000000)
  region size 1024K, 26 young (26624K), 5 survivors (5120K)
 Metaspace       used 44542K, capacity 45882K, committed 46152K, reserved 1091584K
  class space    used 4342K, capacity 4929K, committed 5016K, reserved 1048576K
Heap Regions: E=young(eden), S=young(survivor), O=old, HS=humongous(starts), HC=humongous(continues), CS=collection set, F=free, A=archive, TAMS=top-at-mark-start (previous, next)
|   0|0x00000000c0000000, 0x00000000c0100000, 0x00000000c0100000|100%| O|  |TAMS 0x00000000c0100000, 0x00000000c0000000| Untracked 
|   1|0x00000000c0100000, 0x00000000c0200000, 0x00000000c0200000|100%| O|  |TAMS 0x00000000c0200000, 0x00000000c0100000| Untracked 
|   2|0x00000000c0200000, 0x00000000c0300000, 0x00000000c0300000|100%| O|  |TAMS 0x00000000c0300000, 0x00000000c0200000| Untracked 
|   3|0x00000000c0300000, 0x00000000c0400000, 0x00000000c0400000|100%| O|  |TAMS 0x00000000c0400000, 0x00000000c0300000| Untracked 
|   4|0x00000000c0400000, 0x00000000c0500000, 0x00000000c0500000|100%|HS|  |TAMS 0x00000000c0500000, 0x00000000c0400000| Complete 
|   5|0x00000000c0500000, 0x00000000c0600000, 0x00000000c0600000|100%|HC|  |TAMS 0x00000000c0600000, 0x00000000c0500000| Complete 
|   6|0x00000000c0600000, 0x00000000c0700000, 0x00000000c0700000|100%|HC|  |TAMS 0x00000000c0700000, 0x00000000c0600000| Complete 
|   7|0x00000000c0700000, 0x00000000c0800000, 0x00000000c0800000|100%|HC|  |TAMS 0x00000000c0800000, 0x00000000c0700000| Complete 
|   8|0x00000000c0800000, 0x00000000c0900000, 0x00000000c0900000|100%| O|  |TAMS 0x00000000c0900000, 0x00000000c0800000| Untracked 
|   9|0x00000000c0900000, 0x00000000c0a00000, 0x00000000c0a00000|100%| O|  |TAMS 0x00000000c0a00000, 0x00000000c0900000| Untracked 
|  10|0x00000000c0a00000, 0x00000000c0b00000, 0x00000000c0b00000|100%| O|  |TAMS 0x00000000c0b00000, 0x00000000c0a00000| Untracked 
|  11|0x00000000c0b00000, 0x00000000c0c00000, 0x00000000c0c00000|100%| O|  |TAMS 0x00000000c0c00000, 0x00000000c0b00000| Untracked 
|  12|0x00000000c0c00000, 0x00000000c0d00000, 0x00000000c0d00000|100%| O|  |TAMS 0x00000000c0d00000, 0x00000000c0c00000| Untracked 
|  13|0x00000000c0d00000, 0x00000000c0e00000, 0x00000000c0e00000|100%| O|  |TAMS 0x00000000c0e00000, 0x00000000c0d00000| Untracked 
|  14|0x00000000c0e00000, 0x00000000c0f00000, 0x00000000c0f00000|100%| O|  |TAMS 0x00000000c0f00000, 0x00000000c0e00000| Untracked 
|  15|0x00000000c0f00000, 0x00000000c1000000, 0x00000000c1000000|100%| O|  |TAMS 0x00000000c1000000, 0x00000000c0f00000| Untracked 
|  16|0x00000000c1000000, 0x00000000c1100000, 0x00000000c1100000|100%| O|  |TAMS 0x00000000c1100000, 0x00000000c1000000| Untracked 
|  17|0x00000000c1100000, 0x00000000c1200000, 0x00000000c1200000|100%| O|  |TAMS 0x00000000c1200000, 0x00000000c1100000| Untracked 
|  18|0x00000000c1200000, 0x00000000c1300000, 0x00000000c1300000|100%| O|  |TAMS 0x00000000c1300000, 0x00000000c1200000| Untracked 
|  19|0x00000000c1300000, 0x00000000c1400000, 0x00000000c1400000|100%| O|  |TAMS 0x00000000c1400000, 0x00000000c1300000| Untracked 
|  20|0x00000000c1400000, 0x00000000c1500000, 0x00000000c1500000|100%| O|  |TAMS 0x00000000c1500000, 0x00000000c1400000| Untracked 
|  21|0x00000000c1500000, 0x00000000c1600000, 0x00000000c1600000|100%| O|  |TAMS 0x00000000c1600000, 0x00000000c1500000| Untracked 
|  22|0x00000000c1600000, 0x00000000c1700000, 0x00000000c1700000|100%| O|  |TAMS 0x00000000c1700000, 0x00000000c1600000| Untracked 
|  23|0x00000000c1700000, 0x00000000c1800000, 0x00000000c1800000|100%| O|  |TAMS 0x00000000c1800000, 0x00000000c1700000| Untracked 
|  24|0x00000000c1800000, 0x00000000c1900000, 0x00000000c1900000|100%| O|  |TAMS 0x00000000c1900000, 0x00000000c1800000| Untracked 
|  25|0x00000000c1900000, 0x00000000c1a00000, 0x00000000c1a00000|100%| O|  |TAMS 0x00000000c1a00000, 0x00000000c1900000| Untracked 
|  26|0x00000000c1a00000, 0x00000000c1b00000, 0x00000000c1b00000|100%| O|  |TAMS 0x00000000c1b00000, 0x00000000c1a00000| Untracked 
|  27|0x00000000c1b00000, 0x00000000c1c00000, 0x00000000c1c00000|100%| O|  |TAMS 0x00000000c1c00000, 0x00000000c1b00000| Untracked 
|  28|0x00000000c1c00000, 0x00000000c1d00000, 0x00000000c1d00000|100%| O|  |TAMS 0x00000000c1d00000, 0x00000000c1c00000| Untracked 
|  29|0x00000000c1d00000, 0x00000000c1e00000, 0x00000000c1e00000|100%| O|  |TAMS 0x00000000c1e00000, 0x00000000c1d00000| Untracked 
|  30|0x00000000c1e00000, 0x00000000c1f00000, 0x00000000c1f00000|100%| O|  |TAMS 0x00000000c1f00000, 0x00000000c1e00000| Untracked 
|  31|0x00000000c1f00000, 0x00000000c2000000, 0x00000000c2000000|100%| O|  |TAMS 0x00000000c2000000, 0x00000000c1f00000| Untracked 
|  32|0x00000000c2000000, 0x00000000c2100000, 0x00000000c2100000|100%| O|  |TAMS 0x00000000c2100000, 0x00000000c2000000| Untracked 
|  33|0x00000000c2100000, 0x00000000c2100000, 0x00000000c2200000|  0%| F|  |TAMS 0x00000000c2100000, 0x00000000c2100000| Untracked 
|  34|0x00000000c2200000, 0x00000000c2200000, 0x00000000c2300000|  0%| F|  |TAMS 0x00000000c2200000, 0x00000000c2200000| Untracked 
|  35|0x00000000c2300000, 0x00000000c2300000, 0x00000000c2400000|  0%| F|  |TAMS 0x00000000c2300000, 0x00000000c2300000| Untracked 
|  36|0x00000000c2400000, 0x00000000c2400000, 0x00000000c2500000|  0%| F|  |TAMS 0x00000000c2400000, 0x00000000c2400000| Untracked 
|  37|0x00000000c2500000, 0x00000000c2500000, 0x00000000c2600000|  0%| F|  |TAMS 0x00000000c2500000, 0x00000000c2500000| Untracked 
|  38|0x00000000c2600000, 0x00000000c2600000, 0x00000000c2700000|  0%| F|  |TAMS 0x00000000c2600000, 0x00000000c2600000| Untracked 
|  39|0x00000000c2700000, 0x00000000c2700000, 0x00000000c2800000|  0%| F|  |TAMS 0x00000000c2700000, 0x00000000c2700000| Untracked 
|  40|0x00000000c2800000, 0x00000000c2800000, 0x00000000c2900000|  0%| F|  |TAMS 0x00000000c2800000, 0x00000000c2800000| Untracked 
|  41|0x00000000c2900000, 0x00000000c2900000, 0x00000000c2a00000|  0%| F|  |TAMS 0x00000000c2900000, 0x00000000c2900000| Untracked 
|  42|0x00000000c2a00000, 0x00000000c2b00000, 0x00000000c2b00000|100%| O|  |TAMS 0x00000000c2b00000, 0x00000000c2a00000| Untracked 
|  43|0x00000000c2b00000, 0x00000000c2c00000, 0x00000000c2c00000|100%| O|  |TAMS 0x00000000c2c00000, 0x00000000c2b00000| Untracked 
|  44|0x00000000c2c00000, 0x00000000c2c33400, 0x00000000c2d00000| 20%| O|  |TAMS 0x00000000c2c33400, 0x00000000c2c00000| Untracked 
|  45|0x00000000c2d00000, 0x00000000c2d00000, 0x00000000c2e00000|  0%| F|  |TAMS 0x00000000c2d00000, 0x00000000c2d00000| Untracked 
|  46|0x00000000c2e00000, 0x00000000c2e00000, 0x00000000c2f00000|  0%| F|  |TAMS 0x00000000c2e00000, 0x00000000c2e00000| Untracked 
|  47|0x00000000c2f00000, 0x00000000c2f00000, 0x00000000c3000000|  0%| F|  |TAMS 0x00000000c2f00000, 0x00000000c2f00000| Untracked 
|  48|0x00000000c3000000, 0x00000000c3000000, 0x00000000c3100000|  0%| F|  |TAMS 0x00000000c3000000, 0x00000000c3000000| Untracked 
|  49|0x00000000c3100000, 0x00000000c3100000, 0x00000000c3200000|  0%| F|  |TAMS 0x00000000c3100000, 0x00000000c3100000| Untracked 
|  50|0x00000000c3200000, 0x00000000c3200000, 0x00000000c3300000|  0%| F|  |TAMS 0x00000000c3200000, 0x00000000c3200000| Untracked 
|  51|0x00000000c3300000, 0x00000000c3300000, 0x00000000c3400000|  0%| F|  |TAMS 0x00000000c3300000, 0x00000000c3300000| Untracked 
|  52|0x00000000c3400000, 0x00000000c3400000, 0x00000000c3500000|  0%| F|  |TAMS 0x00000000c3400000, 0x00000000c3400000| Untracked 
|  53|0x00000000c3500000, 0x00000000c3500000, 0x00000000c3600000|  0%| F|  |TAMS 0x00000000c3500000, 0x00000000c3500000| Untracked 
|  54|0x00000000c3600000, 0x00000000c3600000, 0x00000000c3700000|  0%| F|  |TAMS 0x00000000c3600000, 0x00000000c3600000| Untracked 
|  55|0x00000000c3700000, 0x00000000c3700000, 0x00000000c3800000|  0%| F|  |TAMS 0x00000000c3700000, 0x00000000c3700000| Untracked 
|  56|0x00000000c3800000, 0x00000000c3800000, 0x00000000c3900000|  0%| F|  |TAMS 0x00000000c3800000, 0x00000000c3800000| Untracked 
|  57|0x00000000c3900000, 0x00000000c3900000, 0x00000000c3a00000|  0%| F|  |TAMS 0x00000000c3900000, 0x00000000c3900000| Untracked 
|  58|0x00000000c3a00000, 0x00000000c3a00000, 0x00000000c3b00000|  0%| F|  |TAMS 0x00000000c3a00000, 0x00000000c3a00000| Untracked 
|  59|0x00000000c3b00000, 0x00000000c3b00000, 0x00000000c3c00000|  0%| F|  |TAMS 0x00000000c3b00000, 0x00000000c3b00000| Untracked 
|  60|0x00000000c3c00000, 0x00000000c3c00000, 0x00000000c3d00000|  0%| F|  |TAMS 0x00000000c3c00000, 0x00000000c3c00000| Untracked 
|  61|0x00000000c3d00000, 0x00000000c3d00000, 0x00000000c3e00000|  0%| F|  |TAMS 0x00000000c3d00000, 0x00000000c3d00000| Untracked 
|  62|0x00000000c3e00000, 0x00000000c3e00000, 0x00000000c3f00000|  0%| F|  |TAMS 0x00000000c3e00000, 0x00000000c3e00000| Untracked 
|  63|0x00000000c3f00000, 0x00000000c3f00000, 0x00000000c4000000|  0%| F|  |TAMS 0x00000000c3f00000, 0x00000000c3f00000| Untracked 
|  64|0x00000000c4000000, 0x00000000c4000000, 0x00000000c4100000|  0%| F|  |TAMS 0x00000000c4000000, 0x00000000c4000000| Untracked 
|  65|0x00000000c4100000, 0x00000000c4100000, 0x00000000c4200000|  0%| F|  |TAMS 0x00000000c4100000, 0x00000000c4100000| Untracked 
|  66|0x00000000c4200000, 0x00000000c4200000, 0x00000000c4300000|  0%| F|  |TAMS 0x00000000c4200000, 0x00000000c4200000| Untracked 
|  67|0x00000000c4300000, 0x00000000c4300000, 0x00000000c4400000|  0%| F|  |TAMS 0x00000000c4300000, 0x00000000c4300000| Untracked 
|  68|0x00000000c4400000, 0x00000000c4400000, 0x00000000c4500000|  0%| F|  |TAMS 0x00000000c4400000, 0x00000000c4400000| Untracked 
|  69|0x00000000c4500000, 0x00000000c4500000, 0x00000000c4600000|  0%| F|  |TAMS 0x00000000c4500000, 0x00000000c4500000| Untracked 
|  70|0x00000000c4600000, 0x00000000c4600000, 0x00000000c4700000|  0%| F|  |TAMS 0x00000000c4600000, 0x00000000c4600000| Untracked 
|  71|0x00000000c4700000, 0x00000000c4700000, 0x00000000c4800000|  0%| F|  |TAMS 0x00000000c4700000, 0x00000000c4700000| Untracked 
|  72|0x00000000c4800000, 0x00000000c4800000, 0x00000000c4900000|  0%| F|  |TAMS 0x00000000c4800000, 0x00000000c4800000| Untracked 
|  73|0x00000000c4900000, 0x00000000c4900000, 0x00000000c4a00000|  0%| F|  |TAMS 0x00000000c4900000, 0x00000000c4900000| Untracked 
|  74|0x00000000c4a00000, 0x00000000c4a00000, 0x00000000c4b00000|  0%| F|  |TAMS 0x00000000c4a00000, 0x00000000c4a00000| Untracked 
|  75|0x00000000c4b00000, 0x00000000c4b00000, 0x00000000c4c00000|  0%| F|  |TAMS 0x00000000c4b00000, 0x00000000c4b00000| Untracked 
|  76|0x00000000c4c00000, 0x00000000c4c00000, 0x00000000c4d00000|  0%| F|  |TAMS 0x00000000c4c00000, 0x00000000c4c00000| Untracked 
|  77|0x00000000c4d00000, 0x00000000c4d00000, 0x00000000c4e00000|  0%| F|  |TAMS 0x00000000c4d00000, 0x00000000c4d00000| Untracked 
|  78|0x00000000c4e00000, 0x00000000c4e00000, 0x00000000c4f00000|  0%| F|  |TAMS 0x00000000c4e00000, 0x00000000c4e00000| Untracked 
|  79|0x00000000c4f00000, 0x00000000c4f00000, 0x00000000c5000000|  0%| F|  |TAMS 0x00000000c4f00000, 0x00000000c4f00000| Untracked 
|  80|0x00000000c5000000, 0x00000000c5000000, 0x00000000c5100000|  0%| F|  |TAMS 0x00000000c5000000, 0x00000000c5000000| Untracked 
|  81|0x00000000c5100000, 0x00000000c5100000, 0x00000000c5200000|  0%| F|  |TAMS 0x00000000c5100000, 0x00000000c5100000| Untracked 
|  82|0x00000000c5200000, 0x00000000c52c64a0, 0x00000000c5300000| 77%| S|CS|TAMS 0x00000000c5200000, 0x00000000c5200000| Complete 
|  83|0x00000000c5300000, 0x00000000c5400000, 0x00000000c5400000|100%| S|CS|TAMS 0x00000000c5300000, 0x00000000c5300000| Complete 
|  84|0x00000000c5400000, 0x00000000c5500000, 0x00000000c5500000|100%| S|CS|TAMS 0x00000000c5400000, 0x00000000c5400000| Complete 
|  85|0x00000000c5500000, 0x00000000c5600000, 0x00000000c5600000|100%| S|CS|TAMS 0x00000000c5500000, 0x00000000c5500000| Complete 
|  86|0x00000000c5600000, 0x00000000c5700000, 0x00000000c5700000|100%| S|CS|TAMS 0x00000000c5600000, 0x00000000c5600000| Complete 
|  87|0x00000000c5700000, 0x00000000c5700000, 0x00000000c5800000|  0%| F|  |TAMS 0x00000000c5700000, 0x00000000c5700000| Untracked 
|  88|0x00000000c5800000, 0x00000000c5800000, 0x00000000c5900000|  0%| F|  |TAMS 0x00000000c5800000, 0x00000000c5800000| Untracked 
|  89|0x00000000c5900000, 0x00000000c5900000, 0x00000000c5a00000|  0%| F|  |TAMS 0x00000000c5900000, 0x00000000c5900000| Untracked 
|  90|0x00000000c5a00000, 0x00000000c5a00000, 0x00000000c5b00000|  0%| F|  |TAMS 0x00000000c5a00000, 0x00000000c5a00000| Untracked 
|  91|0x00000000c5b00000, 0x00000000c5b00000, 0x00000000c5c00000|  0%| F|  |TAMS 0x00000000c5b00000, 0x00000000c5b00000| Untracked 
|  92|0x00000000c5c00000, 0x00000000c5c00000, 0x00000000c5d00000|  0%| F|  |TAMS 0x00000000c5c00000, 0x00000000c5c00000| Untracked 
|  93|0x00000000c5d00000, 0x00000000c5d00000, 0x00000000c5e00000|  0%| F|  |TAMS 0x00000000c5d00000, 0x00000000c5d00000| Untracked 
|  94|0x00000000c5e00000, 0x00000000c5e00000, 0x00000000c5f00000|  0%| F|  |TAMS 0x00000000c5e00000, 0x00000000c5e00000| Untracked 
|  95|0x00000000c5f00000, 0x00000000c5f00000, 0x00000000c6000000|  0%| F|  |TAMS 0x00000000c5f00000, 0x00000000c5f00000| Untracked 
|  96|0x00000000c6000000, 0x00000000c6000000, 0x00000000c6100000|  0%| F|  |TAMS 0x00000000c6000000, 0x00000000c6000000| Untracked 
|  97|0x00000000c6100000, 0x00000000c6100000, 0x00000000c6200000|  0%| F|  |TAMS 0x00000000c6100000, 0x00000000c6100000| Untracked 
|  98|0x00000000c6200000, 0x00000000c6200000, 0x00000000c6300000|  0%| F|  |TAMS 0x00000000c6200000, 0x00000000c6200000| Untracked 
|  99|0x00000000c6300000, 0x00000000c6300000, 0x00000000c6400000|  0%| F|  |TAMS 0x00000000c6300000, 0x00000000c6300000| Untracked 
| 100|0x00000000c6400000, 0x00000000c6400000, 0x00000000c6500000|  0%| F|  |TAMS 0x00000000c6400000, 0x00000000c6400000| Untracked 
| 101|0x00000000c6500000, 0x00000000c6500000, 0x00000000c6600000|  0%| F|  |TAMS 0x00000000c6500000, 0x00000000c6500000| Untracked 
| 102|0x00000000c6600000, 0x00000000c6600000, 0x00000000c6700000|  0%| F|  |TAMS 0x00000000c6600000, 0x00000000c6600000| Untracked 
| 103|0x00000000c6700000, 0x00000000c6700000, 0x00000000c6800000|  0%| F|  |TAMS 0x00000000c6700000, 0x00000000c6700000| Untracked 
| 104|0x00000000c6800000, 0x00000000c6800000, 0x00000000c6900000|  0%| F|  |TAMS 0x00000000c6800000, 0x00000000c6800000| Untracked 
| 105|0x00000000c6900000, 0x00000000c6929060, 0x00000000c6a00000| 16%| E|  |TAMS 0x00000000c6900000, 0x00000000c6900000| Complete 
| 106|0x00000000c6a00000, 0x00000000c6b00000, 0x00000000c6b00000|100%| E|CS|TAMS 0x00000000c6a00000, 0x00000000c6a00000| Complete 
| 107|0x00000000c6b00000, 0x00000000c6c00000, 0x00000000c6c00000|100%| E|CS|TAMS 0x00000000c6b00000, 0x00000000c6b00000| Complete 
| 108|0x00000000c6c00000, 0x00000000c6d00000, 0x00000000c6d00000|100%| E|CS|TAMS 0x00000000c6c00000, 0x00000000c6c00000| Complete 
| 109|0x00000000c6d00000, 0x00000000c6e00000, 0x00000000c6e00000|100%| E|CS|TAMS 0x00000000c6d00000, 0x00000000c6d00000| Complete 
| 110|0x00000000c6e00000, 0x00000000c6f00000, 0x00000000c6f00000|100%| E|CS|TAMS 0x00000000c6e00000, 0x00000000c6e00000| Complete 
| 111|0x00000000c6f00000, 0x00000000c7000000, 0x00000000c7000000|100%| E|CS|TAMS 0x00000000c6f00000, 0x00000000c6f00000| Complete 
| 112|0x00000000c7000000, 0x00000000c7100000, 0x00000000c7100000|100%| E|CS|TAMS 0x00000000c7000000, 0x00000000c7000000| Complete 
| 113|0x00000000c7100000, 0x00000000c7200000, 0x00000000c7200000|100%| E|CS|TAMS 0x00000000c7100000, 0x00000000c7100000| Complete 
| 114|0x00000000c7200000, 0x00000000c7300000, 0x00000000c7300000|100%| E|CS|TAMS 0x00000000c7200000, 0x00000000c7200000| Complete 
| 115|0x00000000c7300000, 0x00000000c7400000, 0x00000000c7400000|100%| E|CS|TAMS 0x00000000c7300000, 0x00000000c7300000| Complete 
| 116|0x00000000c7400000, 0x00000000c7500000, 0x00000000c7500000|100%| E|CS|TAMS 0x00000000c7400000, 0x00000000c7400000| Complete 
| 117|0x00000000c7500000, 0x00000000c7600000, 0x00000000c7600000|100%| E|CS|TAMS 0x00000000c7500000, 0x00000000c7500000| Complete 
| 118|0x00000000c7600000, 0x00000000c7700000, 0x00000000c7700000|100%| E|CS|TAMS 0x00000000c7600000, 0x00000000c7600000| Complete 
| 119|0x00000000c7700000, 0x00000000c7800000, 0x00000000c7800000|100%| E|CS|TAMS 0x00000000c7700000, 0x00000000c7700000| Complete 
| 120|0x00000000c7800000, 0x00000000c7900000, 0x00000000c7900000|100%| E|CS|TAMS 0x00000000c7800000, 0x00000000c7800000| Complete 
| 121|0x00000000c7900000, 0x00000000c7a00000, 0x00000000c7a00000|100%| E|CS|TAMS 0x00000000c7900000, 0x00000000c7900000| Complete 
| 122|0x00000000c7a00000, 0x00000000c7b00000, 0x00000000c7b00000|100%| E|CS|TAMS 0x00000000c7a00000, 0x00000000c7a00000| Complete 
| 123|0x00000000c7b00000, 0x00000000c7c00000, 0x00000000c7c00000|100%| E|CS|TAMS 0x00000000c7b00000, 0x00000000c7b00000| Complete 
| 124|0x00000000c7c00000, 0x00000000c7d00000, 0x00000000c7d00000|100%| E|CS|TAMS 0x00000000c7c00000, 0x00000000c7c00000| Complete 
| 125|0x00000000c7d00000, 0x00000000c7e00000, 0x00000000c7e00000|100%| E|CS|TAMS 0x00000000c7d00000, 0x00000000c7d00000| Complete 

Card table byte_map: [0x0000022198050000,0x0000022198250000] _byte_map_base: 0x0000022197a50000

Marking Bits (Prev, Next): (CMBitMap*) 0x00000221f770c480, (CMBitMap*) 0x00000221f770c448
 Prev Bits: [0x0000022199450000, 0x000002219a450000)
 Next Bits: [0x0000022198450000, 0x0000022199450000)

Polling page: 0x0000022180000000

Metaspace:

Usage:
  Non-class:     39.99 MB capacity,    39.26 MB ( 98%) used,   587.01 KB (  1%) free+waste,   165.88 KB ( <1%) overhead. 
      Class:      4.81 MB capacity,     4.24 MB ( 88%) used,   508.87 KB ( 10%) free+waste,    78.06 KB (  2%) overhead. 
       Both:     44.81 MB capacity,    43.50 MB ( 97%) used,     1.07 MB (  2%) free+waste,   243.94 KB ( <1%) overhead. 

Virtual space:
  Non-class space:       42.00 MB reserved,      40.17 MB ( 96%) committed 
      Class space:        1.00 GB reserved,       4.90 MB ( <1%) committed 
             Both:        1.04 GB reserved,      45.07 MB (  4%) committed 

Chunk freelists:
   Non-Class:  0 bytes
       Class:  0 bytes
        Both:  0 bytes

CodeHeap 'non-profiled nmethods': size=120000Kb used=6405Kb max_used=6405Kb free=113594Kb
 bounds [0x000002218fea0000, 0x00000221904f0000, 0x00000221973d0000]
CodeHeap 'profiled nmethods': size=120000Kb used=20760Kb max_used=20760Kb free=99239Kb
 bounds [0x0000022188970000, 0x0000022189dc0000, 0x000002218fea0000]
CodeHeap 'non-nmethods': size=5760Kb used=1694Kb max_used=1762Kb free=4065Kb
 bounds [0x00000221883d0000, 0x0000022188640000, 0x0000022188970000]
 total_blobs=9060 nmethods=7875 adapters=1104
 compilation: enabled
              stopped_count=0, restarted_count=0
 full_count=0

Compilation events (10 events):
Event: 3498.506 Thread 0x000002219d7ca800 7923       3       sun.net.util.IPAddressUtil::checkAuthority (56 bytes)
Event: 3498.512 Thread 0x000002219d7ca800 nmethod 7923 0x0000022189db0290 code [0x0000022189db0480, 0x0000022189db07e8]
Event: 3498.514 Thread 0x000002219d77f800 nmethod 7922 0x00000221904d9d90 code [0x00000221904d9f60, 0x00000221904da648]
Event: 3498.521 Thread 0x000002219d77f800 7924   !   4       com.sun.crypto.provider.GCTR::doFinal (130 bytes)
Event: 3498.522 Thread 0x000002219d7ca800 7925       3       jdk.internal.math.FloatingDecimal$BinaryToASCIIBuffer::appendTo (72 bytes)
Event: 3498.524 Thread 0x000002219d7ca800 nmethod 7925 0x0000022189db0910 code [0x0000022189db0b20, 0x0000022189db1468]
Event: 3498.545 Thread 0x000002219d7ca800 7926       1       sun.security.ssl.SSLCipher$T13GcmWriteCipherGenerator$GcmWriteCipher::getExplicitNonceSize (2 bytes)
Event: 3498.545 Thread 0x000002219d7ca800 nmethod 7926 0x00000221904daa10 code [0x00000221904daba0, 0x00000221904dac58]
Event: 3498.605 Thread 0x000002219d7ca800 7928   !   3       gov.nasa.worldwind.AbstractSceneController::drawCompositeSurfaceObjects (170 bytes)
Event: 3498.618 Thread 0x000002219d7ca800 nmethod 7928 0x0000022189db1690 code [0x0000022189db19c0, 0x0000022189db2958]

GC Heap History (10 events):
Event: 195.455 GC heap before
{Heap before GC invocations=20 (full 0):
 garbage-first heap   total 129024K, used 116043K [0x00000000c0000000, 0x0000000100000000)
  region size 1024K, 61 young (62464K), 4 survivors (4096K)
 Metaspace       used 43339K, capacity 44218K, committed 44336K, reserved 1089536K
  class space    used 4093K, capacity 4474K, committed 4480K, reserved 1048576K
}
Event: 195.459 GC heap after
{Heap after GC invocations=21 (full 0):
 garbage-first heap   total 129024K, used 49047K [0x00000000c0000000, 0x0000000100000000)
  region size 1024K, 4 young (4096K), 4 survivors (4096K)
 Metaspace       used 43339K, capacity 44218K, committed 44336K, reserved 1089536K
  class space    used 4093K, capacity 4474K, committed 4480K, reserved 1048576K
}
Event: 196.037 GC heap before
{Heap before GC invocations=21 (full 0):
 garbage-first heap   total 129024K, used 111511K [0x00000000c0000000, 0x0000000100000000)
  region size 1024K, 62 young (63488K), 4 survivors (4096K)
 Metaspace       used 43410K, capacity 44352K, committed 44592K, reserved 1089536K
  class space    used 4094K, capacity 4475K, committed 4480K, reserved 1048576K
}
Event: 196.041 GC heap after
{Heap after GC invocations=22 (full 0):
 garbage-first heap   total 129024K, used 46508K [0x00000000c0000000, 0x0000000100000000)
  region size 1024K, 5 young (5120K), 5 survivors (5120K)
 Metaspace       used 43410K, capacity 44352K, committed 44592K, reserved 1089536K
  class space    used 4094K, capacity 4475K, committed 4480K, reserved 1048576K
}
Event: 196.699 GC heap before
{Heap before GC invocations=22 (full 0):
 garbage-first heap   total 129024K, used 113068K [0x00000000c0000000, 0x0000000100000000)
  region size 1024K, 64 young (65536K), 5 survivors (5120K)
 Metaspace       used 43431K, capacity 44352K, committed 44592K, reserved 1089536K
  class space    used 4094K, capacity 4475K, committed 4480K, reserved 1048576K
}
Event: 196.702 GC heap after
{Heap after GC invocations=23 (full 0):
 garbage-first heap   total 129024K, used 49145K [0x00000000c0000000, 0x0000000100000000)
  region size 1024K, 4 young (4096K), 4 survivors (4096K)
 Metaspace       used 43431K, capacity 44352K, committed 44592K, reserved 1089536K
  class space    used 4094K, capacity 4475K, committed 4480K, reserved 1048576K
}
Event: 198.083 GC heap before
{Heap before GC invocations=23 (full 0):
 garbage-first heap   total 129024K, used 108537K [0x00000000c0000000, 0x0000000100000000)
  region size 1024K, 62 young (63488K), 4 survivors (4096K)
 Metaspace       used 43452K, capacity 44352K, committed 44592K, reserved 1089536K
  class space    used 4094K, capacity 4475K, committed 4480K, reserved 1048576K
}
Event: 198.087 GC heap after
{Heap after GC invocations=24 (full 0):
 garbage-first heap   total 129024K, used 40219K [0x00000000c0000000, 0x0000000100000000)
  region size 1024K, 5 young (5120K), 5 survivors (5120K)
 Metaspace       used 43452K, capacity 44352K, committed 44592K, reserved 1089536K
  class space    used 4094K, capacity 4475K, committed 4480K, reserved 1048576K
}
Event: 209.522 GC heap before
{Heap before GC invocations=24 (full 0):
 garbage-first heap   total 129024K, used 79131K [0x00000000c0000000, 0x0000000100000000)
  region size 1024K, 44 young (45056K), 5 survivors (5120K)
 Metaspace       used 43632K, capacity 44640K, committed 44668K, reserved 1089536K
  class space    used 4123K, capacity 4528K, committed 4556K, reserved 1048576K
}
Event: 209.529 GC heap after
{Heap after GC invocations=25 (full 0):
 garbage-first heap   total 129024K, used 40934K [0x00000000c0000000, 0x0000000100000000)
  region size 1024K, 5 young (5120K), 5 survivors (5120K)
 Metaspace       used 43632K, capacity 44640K, committed 44668K, reserved 1089536K
  class space    used 4123K, capacity 4528K, committed 4556K, reserved 1048576K
}

Deoptimization events (10 events):
Event: 196.326 Thread 0x000002219f51b800 Uncommon trap: reason=profile_predicate action=maybe_recompile pc=0x0000022190426958 method=java.util.Formatter$FormatSpecifier.localizedMagnitude(Ljava/lang/StringBuilder;Ljava/lang/CharSequence;ILjava/util/Formatter$Flags;ILjava/util/Locale;)Ljava/lang/
Event: 196.591 Thread 0x000002219f51b800 Uncommon trap: reason=profile_predicate action=maybe_recompile pc=0x000002219043297c method=java.util.Formatter$FormatSpecifier.localizedMagnitude(Ljava/lang/StringBuilder;Ljava/lang/CharSequence;ILjava/util/Formatter$Flags;ILjava/util/Locale;)Ljava/lang/
Event: 196.592 Thread 0x000002219f51b800 Uncommon trap: reason=profile_predicate action=maybe_recompile pc=0x000002219043297c method=java.util.Formatter$FormatSpecifier.localizedMagnitude(Ljava/lang/StringBuilder;Ljava/lang/CharSequence;ILjava/util/Formatter$Flags;ILjava/util/Locale;)Ljava/lang/
Event: 199.059 Thread 0x00000221b4d0a800 Uncommon trap: reason=unstable_if action=reinterpret pc=0x000002218ff5caa4 method=java.util.ArrayList$Itr.checkForComodification()V @ 11 c2
Event: 209.530 Thread 0x00000221b4d0a800 Uncommon trap: reason=unstable_if action=reinterpret pc=0x000002218ffbbc0c method=java.lang.invoke.MethodType$ConcurrentWeakInternSet$WeakEntry.equals(Ljava/lang/Object;)Z @ 21 c2
Event: 209.531 Thread 0x00000221b4d0a800 Uncommon trap: reason=unstable_if action=reinterpret pc=0x000002218ffb1c68 method=java.lang.invoke.MethodType$ConcurrentWeakInternSet$WeakEntry.equals(Ljava/lang/Object;)Z @ 21 c2
Event: 209.531 Thread 0x00000221b4d0a800 Uncommon trap: reason=unstable_if action=reinterpret pc=0x00000221903d9d18 method=java.lang.invoke.MethodType$ConcurrentWeakInternSet$WeakEntry.equals(Ljava/lang/Object;)Z @ 21 c2
Event: 209.600 Thread 0x00000221b4d0a800 Uncommon trap: reason=unstable_if action=reinterpret pc=0x00000221901f50e8 method=java.lang.invoke.InvokerBytecodeGenerator.loadInsnOpcode(Ljava/lang/invoke/LambdaForm$BasicType;)I @ 8 c2
Event: 209.601 Thread 0x00000221b4d0a800 Uncommon trap: reason=unstable_if action=reinterpret pc=0x00000221901f7174 method=java.lang.invoke.InvokerBytecodeGenerator.loadInsnOpcode(Ljava/lang/invoke/LambdaForm$BasicType;)I @ 8 c2
Event: 209.973 Thread 0x00000221b4d0a800 Uncommon trap: reason=unstable_if action=reinterpret pc=0x00000221902af9d4 method=jdk.internal.math.FloatingDecimal$BinaryToASCIIBuffer.appendTo(Ljava/lang/Appendable;)V @ 13 c2

Classes redefined (0 events):
No events

Internal exceptions (10 events):
Event: 3498.454 Thread 0x000002219f32d800 Exception <a 'java/net/SocketException'{0x00000000c74b8a10}: Software caused connection abort: recv failed> (0x00000000c74b8a10) thrown at [./open/src/hotspot/share/prims/jni.cpp, line 632]
Event: 3498.461 Thread 0x000002219f32d800 Exception <a 'java/net/SocketException'{0x00000000c74b9570}: Software caused connection abort: socket write error> (0x00000000c74b9570) thrown at [./open/src/hotspot/share/prims/jni.cpp, line 632]
Event: 3498.461 Thread 0x000002219f32d800 Exception <a 'java/net/SocketException'{0x00000000c74b9df0}: Software caused connection abort: socket write error> (0x00000000c74b9df0) thrown at [./open/src/hotspot/share/prims/jni.cpp, line 632]
Event: 3498.462 Thread 0x000002219f32d800 Exception <a 'java/net/SocketException'{0x00000000c74ba410}: Software caused connection abort: recv failed> (0x00000000c74ba410) thrown at [./open/src/hotspot/share/prims/jni.cpp, line 632]
Event: 3498.539 Thread 0x00000221b4d07800 Exception <a 'java/net/SocketException'{0x00000000c7110fc0}: Software caused connection abort: socket write error> (0x00000000c7110fc0) thrown at [./open/src/hotspot/share/prims/jni.cpp, line 632]
Event: 3498.545 Thread 0x00000221b4d07800 Exception <a 'java/net/SocketException'{0x00000000c71120e8}: Software caused connection abort: socket write error> (0x00000000c71120e8) thrown at [./open/src/hotspot/share/prims/jni.cpp, line 632]
Event: 3498.546 Thread 0x00000221b4d07800 Exception <a 'java/net/SocketException'{0x00000000c7112ae0}: Software caused connection abort: socket write error> (0x00000000c7112ae0) thrown at [./open/src/hotspot/share/prims/jni.cpp, line 632]
Event: 3498.547 Thread 0x00000221b4d07800 Exception <a 'java/net/SocketException'{0x00000000c7113360}: Software caused connection abort: socket write error> (0x00000000c7113360) thrown at [./open/src/hotspot/share/prims/jni.cpp, line 632]
Event: 3498.547 Thread 0x00000221b4d07800 Exception <a 'java/net/SocketException'{0x00000000c7113be0}: Software caused connection abort: socket write error> (0x00000000c7113be0) thrown at [./open/src/hotspot/share/prims/jni.cpp, line 632]
Event: 3498.548 Thread 0x00000221b4d07800 Exception <a 'java/net/SocketException'{0x00000000c7114200}: Software caused connection abort: recv failed> (0x00000000c7114200) thrown at [./open/src/hotspot/share/prims/jni.cpp, line 632]

Events (10 events):
Event: 3498.587 Executing VM operation: RevokeBias done
Event: 3498.590 Executing VM operation: RevokeBias
Event: 3498.590 Thread 0x00000221b4d05000 Thread exited: 0x00000221b4d05000
Event: 3498.590 Executing VM operation: RevokeBias done
Event: 3498.592 Executing VM operation: RevokeBias
Event: 3498.593 Executing VM operation: RevokeBias done
Event: 3498.593 Thread 0x000002219f51f800 DEOPT PACKING pc=0x000002218983f441 sp=0x000000f745cff330
Event: 3498.593 Thread 0x000002219f51f800 DEOPT UNPACKING pc=0x000002218840c1ce sp=0x000000f745cfe750 mode 1
Event: 3498.593 Thread 0x000002219f51f800 DEOPT PACKING pc=0x0000022189819d7c sp=0x000000f745cff3d0
Event: 3498.593 Thread 0x000002219f51f800 DEOPT UNPACKING pc=0x000002218840c1ce sp=0x000000f745cfe8d0 mode 1


Dynamic libraries:
0x00007ff68e0f0000 - 0x00007ff68e0ff000 	C:\Program Files\Java\jdk-11.0.10\bin\java.exe
0x00007ffc6bb20000 - 0x00007ffc6bd0c000 	C:\windows\SYSTEM32\ntdll.dll
0x00007ffc695c0000 - 0x00007ffc69673000 	C:\windows\System32\KERNEL32.DLL
0x00007ffc680f0000 - 0x00007ffc68384000 	C:\windows\System32\KERNELBASE.dll
0x00007ffc64e00000 - 0x00007ffc64e8c000 	C:\windows\SYSTEM32\apphelp.dll
0x00007ffc03d50000 - 0x00007ffc041e1000 	C:\windows\SYSTEM32\AcLayers.DLL
0x00007ffc69170000 - 0x00007ffc6920e000 	C:\windows\System32\msvcrt.dll
0x00007ffc69dc0000 - 0x00007ffc69f57000 	C:\windows\System32\USER32.dll
0x00007ffc67dd0000 - 0x00007ffc67df0000 	C:\windows\System32\win32u.dll
0x00007ffc6a4f0000 - 0x00007ffc6a519000 	C:\windows\System32\GDI32.dll
0x00007ffc683b0000 - 0x00007ffc6854c000 	C:\windows\System32\gdi32full.dll
0x00007ffc67e70000 - 0x00007ffc67f10000 	C:\windows\System32\msvcp_win.dll
0x00007ffc67ca0000 - 0x00007ffc67d9a000 	C:\windows\System32\ucrtbase.dll
0x00007ffc68ff0000 - 0x00007ffc69042000 	C:\windows\System32\SHLWAPI.dll
0x00007ffc69210000 - 0x00007ffc6953e000 	C:\windows\System32\combase.dll
0x00007ffc69050000 - 0x00007ffc69170000 	C:\windows\System32\RPCRT4.dll
0x00007ffc67df0000 - 0x00007ffc67e6f000 	C:\windows\System32\bcryptPrimitives.dll
0x00007ffc68d50000 - 0x00007ffc68df3000 	C:\windows\System32\ADVAPI32.dll
0x00007ffc69730000 - 0x00007ffc697cf000 	C:\windows\System32\sechost.dll
0x00000221f7340000 - 0x00000221f7343000 	C:\windows\SYSTEM32\sfc.dll
0x00007ffc5ada0000 - 0x00007ffc5ae29000 	C:\windows\SYSTEM32\WINSPOOL.DRV
0x00007ffc67b20000 - 0x00007ffc67b31000 	C:\windows\System32\kernel.appcore.dll
0x00007ffc67da0000 - 0x00007ffc67dc6000 	C:\windows\System32\bcrypt.dll
0x00007ffc657b0000 - 0x00007ffc65959000 	C:\windows\SYSTEM32\PROPSYS.dll
0x00007ffc6ba20000 - 0x00007ffc6bae4000 	C:\windows\System32\OLEAUT32.dll
0x00007ffc69f60000 - 0x00007ffc6a008000 	C:\windows\System32\shcore.dll
0x00007ffc67040000 - 0x00007ffc6707d000 	C:\windows\SYSTEM32\IPHLPAPI.DLL
0x00007ffc394f0000 - 0x00007ffc39502000 	C:\windows\SYSTEM32\sfc_os.DLL
0x00007ffc550d0000 - 0x00007ffc5512b000 	C:\windows\SYSTEM32\AcGenral.DLL
0x00007ffc697d0000 - 0x00007ffc69926000 	C:\windows\System32\ole32.dll
0x00007ffc6a520000 - 0x00007ffc6ba19000 	C:\windows\System32\SHELL32.dll
0x00007ffc68d00000 - 0x00007ffc68d4a000 	C:\windows\System32\cfgmgr32.dll
0x00007ffc685b0000 - 0x00007ffc68cfb000 	C:\windows\System32\windows.storage.dll
0x00007ffc67b60000 - 0x00007ffc67b84000 	C:\windows\System32\profapi.dll
0x00007ffc67b90000 - 0x00007ffc67bed000 	C:\windows\System32\powrprof.dll
0x00007ffc68390000 - 0x00007ffc683a7000 	C:\windows\System32\cryptsp.dll
0x00007ffc67a20000 - 0x00007ffc67a49000 	C:\windows\SYSTEM32\USERENV.dll
0x00007ffc4fa30000 - 0x00007ffc4fa4b000 	C:\windows\SYSTEM32\MPR.dll
0x00007ffc67a50000 - 0x00007ffc67a7f000 	C:\windows\SYSTEM32\SspiCli.dll
0x00007ffc69680000 - 0x00007ffc696ae000 	C:\windows\System32\IMM32.DLL
0x00007ffc62720000 - 0x00007ffc62738000 	C:\Program Files\Java\jdk-11.0.10\bin\jli.dll
0x00007ffc60b50000 - 0x00007ffc60b65000 	C:\Program Files\Java\jdk-11.0.10\bin\VCRUNTIME140.dll
0x00007ffc45100000 - 0x00007ffc45379000 	C:\windows\WinSxS\amd64_microsoft.windows.common-controls_6595b64144ccf1df_6.0.17763.1757_none_de724378534a71c4\COMCTL32.dll
0x00007ffc5a560000 - 0x00007ffc5a56a000 	C:\windows\SYSTEM32\VERSION.dll
0x00007ffc30260000 - 0x00007ffc302fb000 	C:\Program Files\Java\jdk-11.0.10\bin\msvcp140.dll
0x00007ffbf1fa0000 - 0x00007ffbf2a9b000 	C:\Program Files\Java\jdk-11.0.10\bin\server\jvm.dll
0x00007ffc69d30000 - 0x00007ffc69d38000 	C:\windows\System32\PSAPI.DLL
0x00007ffc415e0000 - 0x00007ffc415e9000 	C:\windows\SYSTEM32\WSOCK32.dll
0x00007ffc65480000 - 0x00007ffc654a4000 	C:\windows\SYSTEM32\WINMM.dll
0x00007ffc699e0000 - 0x00007ffc69a4d000 	C:\windows\System32\WS2_32.dll
0x00007ffc65450000 - 0x00007ffc6547d000 	C:\windows\SYSTEM32\winmmbase.dll
0x00007ffc654c0000 - 0x00007ffc654d0000 	C:\Program Files\Java\jdk-11.0.10\bin\verify.dll
0x00007ffc66500000 - 0x00007ffc666ed000 	C:\windows\SYSTEM32\DBGHELP.DLL
0x00007ffc4cf50000 - 0x00007ffc4cf7a000 	C:\windows\SYSTEM32\dbgcore.DLL
0x00007ffc5b450000 - 0x00007ffc5b478000 	C:\Program Files\Java\jdk-11.0.10\bin\java.dll
0x00007ffc62710000 - 0x00007ffc6271a000 	C:\Program Files\Java\jdk-11.0.10\bin\jimage.dll
0x00007ffc5b410000 - 0x00007ffc5b448000 	C:\Program Files\Java\jdk-11.0.10\bin\jdwp.dll
0x00007ffc626a0000 - 0x00007ffc626ae000 	C:\Program Files\Java\jdk-11.0.10\bin\instrument.dll
0x00007ffc5ddf0000 - 0x00007ffc5de06000 	C:\Program Files\Java\jdk-11.0.10\bin\zip.dll
0x00007ffc62670000 - 0x00007ffc6267a000 	C:\Program Files\Java\jdk-11.0.10\bin\dt_socket.dll
0x00007ffc67320000 - 0x00007ffc67387000 	C:\windows\system32\mswsock.dll
0x00007ffc5b3f0000 - 0x00007ffc5b409000 	C:\Program Files\Java\jdk-11.0.10\bin\net.dll
0x00007ffc60650000 - 0x00007ffc6074c000 	C:\windows\SYSTEM32\WINHTTP.dll
0x00007ffc55690000 - 0x00007ffc556a2000 	C:\Program Files\Java\jdk-11.0.10\bin\nio.dll
0x00007ffc172b0000 - 0x00007ffc1744a000 	C:\Program Files\Java\jdk-11.0.10\bin\awt.dll
0x00007ffc65e40000 - 0x00007ffc65e6e000 	C:\windows\system32\DWMAPI.DLL
0x00007ffc67f10000 - 0x00007ffc680ec000 	C:\windows\System32\CRYPT32.dll
0x00007ffc67b40000 - 0x00007ffc67b52000 	C:\windows\System32\MSASN1.dll
0x00007ffc65b40000 - 0x00007ffc65bdc000 	C:\windows\system32\uxtheme.dll
0x00007ffc387d0000 - 0x00007ffc388f7000 	C:\windows\system32\opengl32.dll
0x00007ffc39950000 - 0x00007ffc3997c000 	C:\windows\SYSTEM32\GLU32.dll
0x00007ffc68e80000 - 0x00007ffc68feb000 	C:\windows\System32\MSCTF.dll
0x00007ffc66eb0000 - 0x00007ffc66ee3000 	C:\windows\system32\rsaenh.dll
0x00007ffc674f0000 - 0x00007ffc674fc000 	C:\windows\SYSTEM32\CRYPTBASE.dll
0x00007ffc69540000 - 0x00007ffc69548000 	C:\windows\System32\NSI.dll
0x00007ffc5f010000 - 0x00007ffc5f026000 	C:\windows\SYSTEM32\dhcpcsvc6.DLL
0x00007ffc5eff0000 - 0x00007ffc5f00c000 	C:\windows\SYSTEM32\dhcpcsvc.DLL
0x00007ffc67080000 - 0x00007ffc67146000 	C:\windows\SYSTEM32\DNSAPI.dll
0x000000006e8c0000 - 0x000000006e8cd000 	C:\Users\gknorman\AppData\Local\Temp\jogamp_0000\file_cache\jln12129809244122212143\jln16951668413987003955\natives\windows-amd64\gluegen_rt.dll
0x00007ffc5b540000 - 0x00007ffc5b547000 	C:\Program Files\Java\jdk-11.0.10\bin\jawt.dll
0x000000006a440000 - 0x000000006a44d000 	C:\Users\gknorman\AppData\Local\Temp\jogamp_0000\file_cache\jln12129809244122212143\jln16951668413987003955\natives\windows-amd64\nativewindow_awt.dll
0x000000006c100000 - 0x000000006c110000 	C:\Users\gknorman\AppData\Local\Temp\jogamp_0000\file_cache\jln12129809244122212143\jln16951668413987003955\natives\windows-amd64\nativewindow_win32.dll
0x0000000064500000 - 0x0000000064585000 	C:\Users\gknorman\AppData\Local\Temp\jogamp_0000\file_cache\jln12129809244122212143\jln16951668413987003955\natives\windows-amd64\jogl_desktop.dll
0x0000000064340000 - 0x0000000064391000 	C:\Users\gknorman\AppData\Local\Temp\jogamp_0000\file_cache\jln12129809244122212143\jln16951668413987003955\natives\windows-amd64\jogl_mobile.dll
0x00007ffbf0060000 - 0x00007ffbf0f77000 	C:\windows\System32\DriverStore\FileRepository\iigd_dch.inf_amd64_97abf3bd13eb713d\ig9icd64.dll
0x00007ffc66840000 - 0x00007ffc66902000 	C:\windows\system32\dxgi.dll
0x00007ffc5e2a0000 - 0x00007ffc5e444000 	C:\windows\System32\DriverStore\FileRepository\iigd_dch.inf_amd64_97abf3bd13eb713d\igdgmm64.dll
0x00007ffc03720000 - 0x00007ffc03a7b000 	C:\windows\System32\DriverStore\FileRepository\iigd_dch.inf_amd64_97abf3bd13eb713d\igdml64.dll
0x00007ffc5b7b0000 - 0x00007ffc5ddb4000 	C:\windows\System32\DriverStore\FileRepository\iigd_dch.inf_amd64_97abf3bd13eb713d\igc64.dll
0x00007ffc553c0000 - 0x00007ffc553e5000 	C:\Program Files\Java\jdk-11.0.10\bin\sunec.dll
0x00007ffc24f20000 - 0x00007ffc24fa5000 	C:\Program Files\Java\jdk-11.0.10\bin\freetype.dll
0x00007ffc170b0000 - 0x00007ffc1716c000 	C:\Program Files\Java\jdk-11.0.10\bin\harfbuzz.dll
0x00007ffc4d330000 - 0x00007ffc4d342000 	C:\Program Files\Java\jdk-11.0.10\bin\fontmanager.dll
0x00007ffc580b0000 - 0x00007ffc580ba000 	C:\Windows\System32\rasadhlp.dll
0x00007ffc60bb0000 - 0x00007ffc60c29000 	C:\windows\System32\fwpuclnt.dll
0x00007ffc435b0000 - 0x00007ffc435dd000 	C:\Program Files\Java\jdk-11.0.10\bin\javajpeg.dll
0x00007ffc55600000 - 0x00007ffc5560d000 	C:\Program Files\Java\jdk-11.0.10\bin\sunmscapi.dll
0x00007ffc67650000 - 0x00007ffc67676000 	C:\windows\SYSTEM32\ncrypt.dll
0x00007ffc67610000 - 0x00007ffc6764c000 	C:\windows\SYSTEM32\NTASN1.dll
0x00007ffc525d0000 - 0x00007ffc52664000 	C:\windows\System32\TextInputFramework.dll
0x00007ffc614b0000 - 0x00007ffc617d2000 	C:\windows\System32\CoreUIComponents.dll
0x00007ffc64b10000 - 0x00007ffc64bf1000 	C:\windows\System32\CoreMessaging.dll
0x00007ffc66b60000 - 0x00007ffc66b91000 	C:\windows\SYSTEM32\ntmarta.dll
0x00007ffc63660000 - 0x00007ffc637b1000 	C:\windows\SYSTEM32\wintypes.dll
0x00007ffc617e0000 - 0x00007ffc61845000 	C:\windows\system32\Ninput.dll

dbghelp: loaded successfully - version: 4.0.5 - missing functions: none
symbol engine: initialized successfully - sym options: 0x614 - pdb path: .;C:\Program Files\Java\jdk-11.0.10\bin;C:\windows\SYSTEM32;C:\windows\WinSxS\amd64_microsoft.windows.common-controls_6595b64144ccf1df_6.0.17763.1757_none_de724378534a71c4;C:\Program Files\Java\jdk-11.0.10\bin\server;C:\Users\gknorman\AppData\Local\Temp\jogamp_0000\file_cache\jln12129809244122212143\jln16951668413987003955\natives\windows-amd64;C:\windows\System32\DriverStore\FileRepository\iigd_dch.inf_amd64_97abf3bd13eb713d

VM Arguments:
jvm_args: -agentlib:jdwp=transport=dt_socket,address=127.0.0.1:62791,suspend=y,server=n -Dsun.java2d.uiScale.enabled=false -Xmx1024m -Dsun.java2d.noddraw=true -Dsun.awt.noerasebackground=true -javaagent:C:\Users\gknorman\AppData\Local\JetBrains\IdeaIC2020.3\captureAgent\debugger-agent.jar -Dfile.encoding=UTF-8 
java_command: gov.nasa.cms.CelestialMappingSystem -Djava.util.logging.config.file=logging.properties -Dgov.nasa.worldwind.stereo.mode=none
java_class_path (initial): C:\Users\gknorman\cms-main\WorldWindJava-cms\classes;C:\Users\gknorman\cms-main\WorldWindJava-cms\gdal.jar;C:\Users\gknorman\cms-main\WorldWindJava-cms\cms.jar;C:\Users\gknorman\cms-main\WorldWindJava-cms\jogl-all.jar;C:\Users\gknorman\cms-main\WorldWindJava-cms\junit-4.5.jar;C:\Users\gknorman\cms-main\WorldWindJava-cms\worldwind.jar;C:\Users\gknorman\cms-main\WorldWindJava-cms\gluegen-rt.jar;C:\Users\gknorman\cms-main\WorldWindJava-cms\worldwindx.jar;C:\Users\gknorman\cms-main\WorldWindJava-cms\vpf-symbols.jar;C:\Users\gknorman\cms-main\WorldWindJava-cms\jogl-all-natives-linux-amd64.jar;C:\Users\gknorman\cms-main\WorldWindJava-cms\gluegen-rt-natives-linux-amd64.jar;C:\Users\gknorman\cms-main\WorldWindJava-cms\jogl-all-natives-windows-amd64.jar;C:\Users\gknorman\cms-main\WorldWindJava-cms\gluegen-rt-natives-windows-amd64.jar;C:\Users\gknorman\cms-main\WorldWindJava-cms\jogl-all-natives-macosx-universal.jar;C:\Users\gknorman\cms-main\WorldWindJava-cms\gluegen-rt-natives-macosx-universal.jar;C:\Program Files\JetBrains\IntelliJ IDEA Community Edition 2020.3.2\lib\idea_rt.jar
Launcher Type: SUN_STANDARD

[Global flags]
     intx CICompilerCount                          = 4                                         {product} {ergonomic}
     uint ConcGCThreads                            = 2                                         {product} {ergonomic}
     uint G1ConcRefinementThreads                  = 8                                         {product} {ergonomic}
   size_t G1HeapRegionSize                         = 1048576                                   {product} {ergonomic}
    uintx GCDrainStackTargetSize                   = 64                                        {product} {ergonomic}
   size_t InitialHeapSize                          = 132120576                                 {product} {ergonomic}
   size_t MarkStackSize                            = 4194304                                   {product} {ergonomic}
   size_t MaxHeapSize                              = 1073741824                                {product} {command line}
   size_t MaxNewSize                               = 643825664                                 {product} {ergonomic}
   size_t MinHeapDeltaBytes                        = 1048576                                   {product} {ergonomic}
    uintx NonNMethodCodeHeapSize                   = 5836300                                {pd product} {ergonomic}
    uintx NonProfiledCodeHeapSize                  = 122910970                              {pd product} {ergonomic}
    uintx ProfiledCodeHeapSize                     = 122910970                              {pd product} {ergonomic}
    uintx ReservedCodeCacheSize                    = 251658240                              {pd product} {ergonomic}
     bool SegmentedCodeCache                       = true                                      {product} {ergonomic}
     bool UseCompressedClassPointers               = true                                 {lp64_product} {ergonomic}
     bool UseCompressedOops                        = true                                 {lp64_product} {ergonomic}
     bool UseG1GC                                  = true                                      {product} {ergonomic}
     bool UseLargePagesIndividualAllocation        = false                                  {pd product} {ergonomic}

Logging:
Log output configuration:
 #0: stdout all=warning uptime,level,tags
 #1: stderr all=off uptime,level,tags

Environment Variables:
JAVA_HOME=C:\Program Files\Java\jdk-15.0.1
PATH=C:\Program Files\Common Files\Oracle\Java\javapath;C:\Program Files (x86)\Common Files\Oracle\Java\javapath;C:\windows\system32;C:\windows;C:\windows\System32\Wbem;C:\windows\System32\WindowsPowerShell\v1.0\;C:\windows\System32\OpenSSH\;c:\Program Files (x86)\HID Global\ActivClient\;c:\Program Files\HID Global\ActivClient\;C:\Program Files\Microsoft VS Code\bin;C:\Program Files\nodejs\;C:\Users\gknorman\AppData\Local\Programs\Python\Python39\Scripts\;C:\Users\gknorman\AppData\Local\Programs\Python\Python39\;C:\Users\gknorman\AppData\Local\Programs\Python\Launcher\;C:\Users\gknorman\AppData\Local\Microsoft\WindowsApps;C:\Users\gknorman\AppData\Local\Programs\Git\cmd;C:\Users\gknorman\Miniconda3;C:\Users\gknorman\Miniconda3\Library\mingw-w64\bin;C:\Users\gknorman\Miniconda3\Library\usr\bin;C:\Users\gknorman\Miniconda3\Library\bin;C:\Users\gknorman\Miniconda3\Scripts;C:\Users\gknorman\Miniconda3\bin;C:\Users\gknorman\Miniconda3\condabin;C:\Program Files\Common Files\Oracle\Java\javapath;C:\Program Files (x86)\Common Files\Oracle\Java\javapath;C:\windows\system32;C:\windows;C:\windows\System32\Wbem;C:\windows\System32\WindowsPowerShell\v1.0;C:\windows\System32\OpenSSH;c:\Program Files (x86)\HID Global\ActivClient;c:\Program Files\HID Global\ActivClient;C:\Program Files\Microsoft VS Code\bin;C:\Program Files\nodejs;C:\Users\gknorman\AppData\Local\Programs\Python\Python39\Scripts;C:\Users\gknorman\AppData\Local\Programs\Python\Python39;C:\Users\gknorman\AppData\Local\Programs\Python\Launcher;C:\Users\gknorman\AppData\Local\Microsoft\WindowsApps;C:\Users\gknorman\AppData\Local\Programs\Git\cmd;C:\Users\gknorman\gdalmain\bin\gdal\apps;C:\Users\gknorman\gdalmain\bin;C:\Users\gknorman\miniconda3path\Library\share\gdal;C:\Users\gknorman\miniconda3path\pkgs\gdal-3.1.4-py38h8f7194f_0;;C:\ant\apache-ant-1.10.9\bin;C:\Program Files\Java\jdk-15.0.1\bin;
USERNAME=gknorman
OS=Windows_NT
PROCESSOR_IDENTIFIER=Intel64 Family 6 Model 142 Stepping 12, GenuineIntel



---------------  S Y S T E M  ---------------

OS: Windows 10 , 64 bit Build 17763 (10.0.17763.475)

CPU:total 8 (initial active 8) (4 cores per cpu, 2 threads per core) family 6 model 142 stepping 12 microcode 0xca, cmov, cx8, fxsr, mmx, sse, sse2, sse3, ssse3, sse4.1, sse4.2, popcnt, avx, avx2, aes, clmul, erms, 3dnowpref, lzcnt, ht, tsc, tscinvbit, bmi1, bmi2, adx, fma

Memory: 4k page, system-wide physical 8006M (1326M free)
TotalPageFile size 21158M (AvailPageFile size 7869M)
current process WorkingSet (physical memory assigned to process): 131M, peak: 469M
current process commit charge ("private bytes"): 449M, peak: 506M

vm_info: Java HotSpot(TM) 64-Bit Server VM (11.0.10+8-LTS-162) for windows-amd64 JRE (11.0.10+8-LTS-162), built on Dec  8 2020 16:32:57 by "mach5one" with MS VC++ 15.9 (VS2017)

END.
